<?xml version="1.0" encoding="UTF-8"?>
<testsuites>
  <testsuite name="" tests="259" assertions="805" errors="0" warnings="0" failures="0" skipped="0" time="24.309351">
    <testsuite name="unit" tests="259" assertions="805" errors="0" warnings="0" failures="0" skipped="0" time="24.309351">
      <testsuite name="Bricks2Etch\Tests\Unit\CSS\BreakpointResolverTest" file="/var/www/html/wp-content/plugins/etch-fusion-suite/tests/unit/CSS/BreakpointResolverTest.php" tests="17" assertions="31" errors="0" warnings="0" failures="0" skipped="0" time="8.649258">
        <testcase name="test_default_map_contains_builtin_keys" class="Bricks2Etch\Tests\Unit\CSS\BreakpointResolverTest" classname="Bricks2Etch.Tests.Unit.CSS.BreakpointResolverTest" file="/var/www/html/wp-content/plugins/etch-fusion-suite/tests/unit/CSS/BreakpointResolverTest.php" line="47" assertions="5" time="8.563110"/>
        <testcase name="test_default_map_desktop_is_first" class="Bricks2Etch\Tests\Unit\CSS\BreakpointResolverTest" classname="Bricks2Etch.Tests.Unit.CSS.BreakpointResolverTest" file="/var/www/html/wp-content/plugins/etch-fusion-suite/tests/unit/CSS/BreakpointResolverTest.php" line="57" assertions="1" time="0.007386"/>
        <testcase name="test_default_desktop_is_min_type" class="Bricks2Etch\Tests\Unit\CSS\BreakpointResolverTest" classname="Bricks2Etch.Tests.Unit.CSS.BreakpointResolverTest" file="/var/www/html/wp-content/plugins/etch-fusion-suite/tests/unit/CSS/BreakpointResolverTest.php" line="64" assertions="1" time="0.001055"/>
        <testcase name="test_default_non_desktop_are_max_type" class="Bricks2Etch\Tests\Unit\CSS\BreakpointResolverTest" classname="Bricks2Etch.Tests.Unit.CSS.BreakpointResolverTest" file="/var/www/html/wp-content/plugins/etch-fusion-suite/tests/unit/CSS/BreakpointResolverTest.php" line="70" assertions="4" time="0.000996"/>
        <testcase name="test_breakpoint_map_is_cached" class="Bricks2Etch\Tests\Unit\CSS\BreakpointResolverTest" classname="Bricks2Etch.Tests.Unit.CSS.BreakpointResolverTest" file="/var/www/html/wp-content/plugins/etch-fusion-suite/tests/unit/CSS/BreakpointResolverTest.php" line="81" assertions="1" time="0.000940"/>
        <testcase name="test_clear_cache_allows_fresh_read" class="Bricks2Etch\Tests\Unit\CSS\BreakpointResolverTest" classname="Bricks2Etch.Tests.Unit.CSS.BreakpointResolverTest" file="/var/www/html/wp-content/plugins/etch-fusion-suite/tests/unit/CSS/BreakpointResolverTest.php" line="88" assertions="1" time="0.010164"/>
        <testcase name="test_etch_syntax_tablet_portrait_uses_to_rem" class="Bricks2Etch\Tests\Unit\CSS\BreakpointResolverTest" classname="Bricks2Etch.Tests.Unit.CSS.BreakpointResolverTest" file="/var/www/html/wp-content/plugins/etch-fusion-suite/tests/unit/CSS/BreakpointResolverTest.php" line="101" assertions="3" time="0.010568"/>
        <testcase name="test_plain_syntax_tablet_portrait_uses_max_width" class="Bricks2Etch\Tests\Unit\CSS\BreakpointResolverTest" classname="Bricks2Etch.Tests.Unit.CSS.BreakpointResolverTest" file="/var/www/html/wp-content/plugins/etch-fusion-suite/tests/unit/CSS/BreakpointResolverTest.php" line="109" assertions="3" time="0.022813"/>
        <testcase name="test_etch_syntax_desktop_uses_min_range" class="Bricks2Etch\Tests\Unit\CSS\BreakpointResolverTest" classname="Bricks2Etch.Tests.Unit.CSS.BreakpointResolverTest" file="/var/www/html/wp-content/plugins/etch-fusion-suite/tests/unit/CSS/BreakpointResolverTest.php" line="117" assertions="2" time="0.001255"/>
        <testcase name="test_get_media_query_for_known_breakpoint" class="Bricks2Etch\Tests\Unit\CSS\BreakpointResolverTest" classname="Bricks2Etch.Tests.Unit.CSS.BreakpointResolverTest" file="/var/www/html/wp-content/plugins/etch-fusion-suite/tests/unit/CSS/BreakpointResolverTest.php" line="128" assertions="3" time="0.016854"/>
        <testcase name="test_get_media_query_for_unknown_breakpoint_returns_false" class="Bricks2Etch\Tests\Unit\CSS\BreakpointResolverTest" classname="Bricks2Etch.Tests.Unit.CSS.BreakpointResolverTest" file="/var/www/html/wp-content/plugins/etch-fusion-suite/tests/unit/CSS/BreakpointResolverTest.php" line="136" assertions="1" time="0.010226"/>
        <testcase name="test_normalize_min_width_to_etch" class="Bricks2Etch\Tests\Unit\CSS\BreakpointResolverTest" classname="Bricks2Etch.Tests.Unit.CSS.BreakpointResolverTest" file="/var/www/html/wp-content/plugins/etch-fusion-suite/tests/unit/CSS/BreakpointResolverTest.php" line="146" assertions="1" time="0.000734"/>
        <testcase name="test_normalize_max_width_to_etch" class="Bricks2Etch\Tests\Unit\CSS\BreakpointResolverTest" classname="Bricks2Etch.Tests.Unit.CSS.BreakpointResolverTest" file="/var/www/html/wp-content/plugins/etch-fusion-suite/tests/unit/CSS/BreakpointResolverTest.php" line="152" assertions="1" time="0.000593"/>
        <testcase name="test_normalize_range_syntax_to_etch" class="Bricks2Etch\Tests\Unit\CSS\BreakpointResolverTest" classname="Bricks2Etch.Tests.Unit.CSS.BreakpointResolverTest" file="/var/www/html/wp-content/plugins/etch-fusion-suite/tests/unit/CSS/BreakpointResolverTest.php" line="158" assertions="1" time="0.000488"/>
        <testcase name="test_normalize_container_query_to_etch" class="Bricks2Etch\Tests\Unit\CSS\BreakpointResolverTest" classname="Bricks2Etch.Tests.Unit.CSS.BreakpointResolverTest" file="/var/www/html/wp-content/plugins/etch-fusion-suite/tests/unit/CSS/BreakpointResolverTest.php" line="164" assertions="1" time="0.000491"/>
        <testcase name="test_normalize_already_converted_unchanged" class="Bricks2Etch\Tests\Unit\CSS\BreakpointResolverTest" classname="Bricks2Etch.Tests.Unit.CSS.BreakpointResolverTest" file="/var/www/html/wp-content/plugins/etch-fusion-suite/tests/unit/CSS/BreakpointResolverTest.php" line="170" assertions="1" time="0.000662"/>
        <testcase name="test_normalize_non_px_units_unchanged" class="Bricks2Etch\Tests\Unit\CSS\BreakpointResolverTest" classname="Bricks2Etch.Tests.Unit.CSS.BreakpointResolverTest" file="/var/www/html/wp-content/plugins/etch-fusion-suite/tests/unit/CSS/BreakpointResolverTest.php" line="177" assertions="1" time="0.000924"/>
      </testsuite>
      <testsuite name="Bricks2Etch\Tests\Unit\CSS\CssNormalizerTest" file="/var/www/html/wp-content/plugins/etch-fusion-suite/tests/unit/CSS/CssNormalizerTest.php" tests="41" assertions="54" errors="0" warnings="0" failures="0" skipped="0" time="0.022064">
        <testcase name="test_normalize_grid_column_span_slash" class="Bricks2Etch\Tests\Unit\CSS\CssNormalizerTest" classname="Bricks2Etch.Tests.Unit.CSS.CssNormalizerTest" file="/var/www/html/wp-content/plugins/etch-fusion-suite/tests/unit/CSS/CssNormalizerTest.php" line="49" assertions="1" time="0.000731"/>
        <testcase name="test_normalize_grid_row_span_slash" class="Bricks2Etch\Tests\Unit\CSS\CssNormalizerTest" classname="Bricks2Etch.Tests.Unit.CSS.CssNormalizerTest" file="/var/www/html/wp-content/plugins/etch-fusion-suite/tests/unit/CSS/CssNormalizerTest.php" line="56" assertions="1" time="0.000518"/>
        <testcase name="test_normalize_grid_valid_span_only_unchanged" class="Bricks2Etch\Tests\Unit\CSS\CssNormalizerTest" classname="Bricks2Etch.Tests.Unit.CSS.CssNormalizerTest" file="/var/www/html/wp-content/plugins/etch-fusion-suite/tests/unit/CSS/CssNormalizerTest.php" line="63" assertions="1" time="0.000613"/>
        <testcase name="test_normalize_grid_valid_line_based_unchanged" class="Bricks2Etch\Tests\Unit\CSS\CssNormalizerTest" classname="Bricks2Etch.Tests.Unit.CSS.CssNormalizerTest" file="/var/www/html/wp-content/plugins/etch-fusion-suite/tests/unit/CSS/CssNormalizerTest.php" line="69" assertions="1" time="0.000464"/>
        <testcase name="test_normalize_grid_no_grid_props_unchanged" class="Bricks2Etch\Tests\Unit\CSS\CssNormalizerTest" classname="Bricks2Etch.Tests.Unit.CSS.CssNormalizerTest" file="/var/www/html/wp-content/plugins/etch-fusion-suite/tests/unit/CSS/CssNormalizerTest.php" line="75" assertions="1" time="0.000491"/>
        <testcase name="test_normalize_grid_span_slash_positive_line" class="Bricks2Etch\Tests\Unit\CSS\CssNormalizerTest" classname="Bricks2Etch.Tests.Unit.CSS.CssNormalizerTest" file="/var/www/html/wp-content/plugins/etch-fusion-suite/tests/unit/CSS/CssNormalizerTest.php" line="81" assertions="1" time="0.000480"/>
        <testcase name="test_normalize_grid_line_slash_span_unchanged" class="Bricks2Etch\Tests\Unit\CSS\CssNormalizerTest" classname="Bricks2Etch.Tests.Unit.CSS.CssNormalizerTest" file="/var/www/html/wp-content/plugins/etch-fusion-suite/tests/unit/CSS/CssNormalizerTest.php" line="88" assertions="1" time="0.000626"/>
        <testcase name="test_normalize_hsl_with_decimal_alpha" class="Bricks2Etch\Tests\Unit\CSS\CssNormalizerTest" classname="Bricks2Etch.Tests.Unit.CSS.CssNormalizerTest" file="/var/www/html/wp-content/plugins/etch-fusion-suite/tests/unit/CSS/CssNormalizerTest.php" line="98" assertions="1" time="0.000565"/>
        <testcase name="test_normalize_hsl_without_alpha" class="Bricks2Etch\Tests\Unit\CSS\CssNormalizerTest" classname="Bricks2Etch.Tests.Unit.CSS.CssNormalizerTest" file="/var/www/html/wp-content/plugins/etch-fusion-suite/tests/unit/CSS/CssNormalizerTest.php" line="105" assertions="2" time="0.000568"/>
        <testcase name="test_normalize_bare_hsl_var" class="Bricks2Etch\Tests\Unit\CSS\CssNormalizerTest" classname="Bricks2Etch.Tests.Unit.CSS.CssNormalizerTest" file="/var/www/html/wp-content/plugins/etch-fusion-suite/tests/unit/CSS/CssNormalizerTest.php" line="113" assertions="2" time="0.000504"/>
        <testcase name="test_normalize_hsl_no_hsl_unchanged" class="Bricks2Etch\Tests\Unit\CSS\CssNormalizerTest" classname="Bricks2Etch.Tests.Unit.CSS.CssNormalizerTest" file="/var/www/html/wp-content/plugins/etch-fusion-suite/tests/unit/CSS/CssNormalizerTest.php" line="121" assertions="1" time="0.000512"/>
        <testcase name="test_alpha_decimal_to_percentage" class="Bricks2Etch\Tests\Unit\CSS\CssNormalizerTest" classname="Bricks2Etch.Tests.Unit.CSS.CssNormalizerTest" file="/var/www/html/wp-content/plugins/etch-fusion-suite/tests/unit/CSS/CssNormalizerTest.php" line="131" assertions="1" time="0.000495"/>
        <testcase name="test_alpha_one_to_hundred_percent" class="Bricks2Etch\Tests\Unit\CSS\CssNormalizerTest" classname="Bricks2Etch.Tests.Unit.CSS.CssNormalizerTest" file="/var/www/html/wp-content/plugins/etch-fusion-suite/tests/unit/CSS/CssNormalizerTest.php" line="136" assertions="1" time="0.000503"/>
        <testcase name="test_alpha_empty_is_fully_opaque" class="Bricks2Etch\Tests\Unit\CSS\CssNormalizerTest" classname="Bricks2Etch.Tests.Unit.CSS.CssNormalizerTest" file="/var/www/html/wp-content/plugins/etch-fusion-suite/tests/unit/CSS/CssNormalizerTest.php" line="141" assertions="1" time="0.000474"/>
        <testcase name="test_alpha_already_percentage_unchanged" class="Bricks2Etch\Tests\Unit\CSS\CssNormalizerTest" classname="Bricks2Etch.Tests.Unit.CSS.CssNormalizerTest" file="/var/www/html/wp-content/plugins/etch-fusion-suite/tests/unit/CSS/CssNormalizerTest.php" line="146" assertions="1" time="0.000461"/>
        <testcase name="test_alpha_expression_wrapped_in_calc" class="Bricks2Etch\Tests\Unit\CSS\CssNormalizerTest" classname="Bricks2Etch.Tests.Unit.CSS.CssNormalizerTest" file="/var/www/html/wp-content/plugins/etch-fusion-suite/tests/unit/CSS/CssNormalizerTest.php" line="151" assertions="2" time="0.000497"/>
        <testcase name="test_logical_margin_top" class="Bricks2Etch\Tests\Unit\CSS\CssNormalizerTest" classname="Bricks2Etch.Tests.Unit.CSS.CssNormalizerTest" file="/var/www/html/wp-content/plugins/etch-fusion-suite/tests/unit/CSS/CssNormalizerTest.php" line="162" assertions="2" time="0.001100"/>
        <testcase name="test_logical_width" class="Bricks2Etch\Tests\Unit\CSS\CssNormalizerTest" classname="Bricks2Etch.Tests.Unit.CSS.CssNormalizerTest" file="/var/www/html/wp-content/plugins/etch-fusion-suite/tests/unit/CSS/CssNormalizerTest.php" line="170" assertions="2" time="0.000544"/>
        <testcase name="test_logical_width_in_media_query_unchanged" class="Bricks2Etch\Tests\Unit\CSS\CssNormalizerTest" classname="Bricks2Etch.Tests.Unit.CSS.CssNormalizerTest" file="/var/www/html/wp-content/plugins/etch-fusion-suite/tests/unit/CSS/CssNormalizerTest.php" line="178" assertions="1" time="0.000527"/>
        <testcase name="test_logical_custom_properties_unchanged" class="Bricks2Etch\Tests\Unit\CSS\CssNormalizerTest" classname="Bricks2Etch.Tests.Unit.CSS.CssNormalizerTest" file="/var/www/html/wp-content/plugins/etch-fusion-suite/tests/unit/CSS/CssNormalizerTest.php" line="185" assertions="1" time="0.000576"/>
        <testcase name="test_bricks_id_selector_renamed" class="Bricks2Etch\Tests\Unit\CSS\CssNormalizerTest" classname="Bricks2Etch.Tests.Unit.CSS.CssNormalizerTest" file="/var/www/html/wp-content/plugins/etch-fusion-suite/tests/unit/CSS/CssNormalizerTest.php" line="197" assertions="2" time="0.000651"/>
        <testcase name="test_bricks_id_selector_legacy_without_e" class="Bricks2Etch\Tests\Unit\CSS\CssNormalizerTest" classname="Bricks2Etch.Tests.Unit.CSS.CssNormalizerTest" file="/var/www/html/wp-content/plugins/etch-fusion-suite/tests/unit/CSS/CssNormalizerTest.php" line="205" assertions="2" time="0.000618"/>
        <testcase name="test_multiple_bricks_id_selectors_renamed" class="Bricks2Etch\Tests\Unit\CSS\CssNormalizerTest" classname="Bricks2Etch.Tests.Unit.CSS.CssNormalizerTest" file="/var/www/html/wp-content/plugins/etch-fusion-suite/tests/unit/CSS/CssNormalizerTest.php" line="213" assertions="2" time="0.000660"/>
        <testcase name="test_bricks_id_selector_empty_string" class="Bricks2Etch\Tests\Unit\CSS\CssNormalizerTest" classname="Bricks2Etch.Tests.Unit.CSS.CssNormalizerTest" file="/var/www/html/wp-content/plugins/etch-fusion-suite/tests/unit/CSS/CssNormalizerTest.php" line="221" assertions="1" time="0.000482"/>
        <testcase name="test_bricks_id_selector_mixed_formats" class="Bricks2Etch\Tests\Unit\CSS\CssNormalizerTest" classname="Bricks2Etch.Tests.Unit.CSS.CssNormalizerTest" file="/var/www/html/wp-content/plugins/etch-fusion-suite/tests/unit/CSS/CssNormalizerTest.php" line="226" assertions="5" time="0.000545"/>
        <testcase name="test_bricks_id_selector_with_special_chars" class="Bricks2Etch\Tests\Unit\CSS\CssNormalizerTest" classname="Bricks2Etch.Tests.Unit.CSS.CssNormalizerTest" file="/var/www/html/wp-content/plugins/etch-fusion-suite/tests/unit/CSS/CssNormalizerTest.php" line="237" assertions="1" time="0.000521"/>
        <testcase name="test_quad_shorthand_all_equal" class="Bricks2Etch\Tests\Unit\CSS\CssNormalizerTest" classname="Bricks2Etch.Tests.Unit.CSS.CssNormalizerTest" file="/var/www/html/wp-content/plugins/etch-fusion-suite/tests/unit/CSS/CssNormalizerTest.php" line="248" assertions="1" time="0.000482"/>
        <testcase name="test_quad_shorthand_two_values" class="Bricks2Etch\Tests\Unit\CSS\CssNormalizerTest" classname="Bricks2Etch.Tests.Unit.CSS.CssNormalizerTest" file="/var/www/html/wp-content/plugins/etch-fusion-suite/tests/unit/CSS/CssNormalizerTest.php" line="254" assertions="1" time="0.000512"/>
        <testcase name="test_quad_shorthand_three_values" class="Bricks2Etch\Tests\Unit\CSS\CssNormalizerTest" classname="Bricks2Etch.Tests.Unit.CSS.CssNormalizerTest" file="/var/www/html/wp-content/plugins/etch-fusion-suite/tests/unit/CSS/CssNormalizerTest.php" line="260" assertions="1" time="0.000491"/>
        <testcase name="test_quad_shorthand_four_values" class="Bricks2Etch\Tests\Unit\CSS\CssNormalizerTest" classname="Bricks2Etch.Tests.Unit.CSS.CssNormalizerTest" file="/var/www/html/wp-content/plugins/etch-fusion-suite/tests/unit/CSS/CssNormalizerTest.php" line="266" assertions="1" time="0.000496"/>
        <testcase name="test_border_width_integer_gets_px" class="Bricks2Etch\Tests\Unit\CSS\CssNormalizerTest" classname="Bricks2Etch.Tests.Unit.CSS.CssNormalizerTest" file="/var/www/html/wp-content/plugins/etch-fusion-suite/tests/unit/CSS/CssNormalizerTest.php" line="276" assertions="1" time="0.000569"/>
        <testcase name="test_border_width_zero_no_unit" class="Bricks2Etch\Tests\Unit\CSS\CssNormalizerTest" classname="Bricks2Etch.Tests.Unit.CSS.CssNormalizerTest" file="/var/www/html/wp-content/plugins/etch-fusion-suite/tests/unit/CSS/CssNormalizerTest.php" line="281" assertions="1" time="0.000530"/>
        <testcase name="test_border_width_with_unit_unchanged" class="Bricks2Etch\Tests\Unit\CSS\CssNormalizerTest" classname="Bricks2Etch.Tests.Unit.CSS.CssNormalizerTest" file="/var/www/html/wp-content/plugins/etch-fusion-suite/tests/unit/CSS/CssNormalizerTest.php" line="286" assertions="1" time="0.000458"/>
        <testcase name="test_border_width_keyword_unchanged" class="Bricks2Etch\Tests\Unit\CSS\CssNormalizerTest" classname="Bricks2Etch.Tests.Unit.CSS.CssNormalizerTest" file="/var/www/html/wp-content/plugins/etch-fusion-suite/tests/unit/CSS/CssNormalizerTest.php" line="291" assertions="1" time="0.000467"/>
        <testcase name="test_gradient_stop_unitless_gets_percent" class="Bricks2Etch\Tests\Unit\CSS\CssNormalizerTest" classname="Bricks2Etch.Tests.Unit.CSS.CssNormalizerTest" file="/var/www/html/wp-content/plugins/etch-fusion-suite/tests/unit/CSS/CssNormalizerTest.php" line="300" assertions="1" time="0.000472"/>
        <testcase name="test_gradient_stop_with_percent_unchanged" class="Bricks2Etch\Tests\Unit\CSS\CssNormalizerTest" classname="Bricks2Etch.Tests.Unit.CSS.CssNormalizerTest" file="/var/www/html/wp-content/plugins/etch-fusion-suite/tests/unit/CSS/CssNormalizerTest.php" line="305" assertions="1" time="0.000463"/>
        <testcase name="test_gradient_stop_empty_returns_empty" class="Bricks2Etch\Tests\Unit\CSS\CssNormalizerTest" classname="Bricks2Etch.Tests.Unit.CSS.CssNormalizerTest" file="/var/www/html/wp-content/plugins/etch-fusion-suite/tests/unit/CSS/CssNormalizerTest.php" line="310" assertions="1" time="0.000464"/>
        <testcase name="test_content_property_plain_string_quoted" class="Bricks2Etch\Tests\Unit\CSS\CssNormalizerTest" classname="Bricks2Etch.Tests.Unit.CSS.CssNormalizerTest" file="/var/www/html/wp-content/plugins/etch-fusion-suite/tests/unit/CSS/CssNormalizerTest.php" line="319" assertions="1" time="0.000526"/>
        <testcase name="test_content_property_already_quoted_unchanged" class="Bricks2Etch\Tests\Unit\CSS\CssNormalizerTest" classname="Bricks2Etch.Tests.Unit.CSS.CssNormalizerTest" file="/var/www/html/wp-content/plugins/etch-fusion-suite/tests/unit/CSS/CssNormalizerTest.php" line="325" assertions="1" time="0.000495"/>
        <testcase name="test_content_property_keyword_lowercased" class="Bricks2Etch\Tests\Unit\CSS\CssNormalizerTest" classname="Bricks2Etch.Tests.Unit.CSS.CssNormalizerTest" file="/var/www/html/wp-content/plugins/etch-fusion-suite/tests/unit/CSS/CssNormalizerTest.php" line="330" assertions="2" time="0.000465"/>
        <testcase name="test_content_property_attr_function_unchanged" class="Bricks2Etch\Tests\Unit\CSS\CssNormalizerTest" classname="Bricks2Etch.Tests.Unit.CSS.CssNormalizerTest" file="/var/www/html/wp-content/plugins/etch-fusion-suite/tests/unit/CSS/CssNormalizerTest.php" line="336" assertions="1" time="0.000448"/>
      </testsuite>
      <testsuite name="Bricks2Etch\Tests\Unit\ComponentMigratorTest" file="/var/www/html/wp-content/plugins/etch-fusion-suite/tests/unit/ComponentMigratorTest.php" tests="11" assertions="29" errors="0" warnings="0" failures="0" skipped="0" time="0.082178">
        <testcase name="test_supports_returns_true_when_components_exist" class="Bricks2Etch\Tests\Unit\ComponentMigratorTest" classname="Bricks2Etch.Tests.Unit.ComponentMigratorTest" file="/var/www/html/wp-content/plugins/etch-fusion-suite/tests/unit/ComponentMigratorTest.php" line="37" assertions="1" time="0.008056"/>
        <testcase name="test_supports_returns_false_when_no_components" class="Bricks2Etch\Tests\Unit\ComponentMigratorTest" classname="Bricks2Etch.Tests.Unit.ComponentMigratorTest" file="/var/www/html/wp-content/plugins/etch-fusion-suite/tests/unit/ComponentMigratorTest.php" line="42" assertions="1" time="0.001938"/>
        <testcase name="test_validate_returns_valid_for_correct_structure" class="Bricks2Etch\Tests\Unit\ComponentMigratorTest" classname="Bricks2Etch.Tests.Unit.ComponentMigratorTest" file="/var/www/html/wp-content/plugins/etch-fusion-suite/tests/unit/ComponentMigratorTest.php" line="47" assertions="5" time="0.011141"/>
        <testcase name="test_validate_detects_missing_required_fields" class="Bricks2Etch\Tests\Unit\ComponentMigratorTest" classname="Bricks2Etch.Tests.Unit.ComponentMigratorTest" file="/var/www/html/wp-content/plugins/etch-fusion-suite/tests/unit/ComponentMigratorTest.php" line="63" assertions="2" time="0.011690"/>
        <testcase name="test_convert_properties_maps_types_correctly" class="Bricks2Etch\Tests\Unit\ComponentMigratorTest" classname="Bricks2Etch.Tests.Unit.ComponentMigratorTest" file="/var/www/html/wp-content/plugins/etch-fusion-suite/tests/unit/ComponentMigratorTest.php" line="73" assertions="3" time="0.000939"/>
        <testcase name="test_convert_slot_element_generates_correct_block" class="Bricks2Etch\Tests\Unit\ComponentMigratorTest" classname="Bricks2Etch.Tests.Unit.ComponentMigratorTest" file="/var/www/html/wp-content/plugins/etch-fusion-suite/tests/unit/ComponentMigratorTest.php" line="85" assertions="4" time="0.000945"/>
        <testcase name="test_is_slot_element" class="Bricks2Etch\Tests\Unit\ComponentMigratorTest" classname="Bricks2Etch.Tests.Unit.ComponentMigratorTest" file="/var/www/html/wp-content/plugins/etch-fusion-suite/tests/unit/ComponentMigratorTest.php" line="94" assertions="2" time="0.000813"/>
        <testcase name="test_component_mapping_stored_correctly" class="Bricks2Etch\Tests\Unit\ComponentMigratorTest" classname="Bricks2Etch.Tests.Unit.ComponentMigratorTest" file="/var/www/html/wp-content/plugins/etch-fusion-suite/tests/unit/ComponentMigratorTest.php" line="99" assertions="3" time="0.008056"/>
        <testcase name="test_import_returns_wp_error" class="Bricks2Etch\Tests\Unit\ComponentMigratorTest" classname="Bricks2Etch.Tests.Unit.ComponentMigratorTest" file="/var/www/html/wp-content/plugins/etch-fusion-suite/tests/unit/ComponentMigratorTest.php" line="107" assertions="1" time="0.007712"/>
        <testcase name="test_get_stats" class="Bricks2Etch\Tests\Unit\ComponentMigratorTest" classname="Bricks2Etch.Tests.Unit.ComponentMigratorTest" file="/var/www/html/wp-content/plugins/etch-fusion-suite/tests/unit/ComponentMigratorTest.php" line="112" assertions="3" time="0.001884"/>
        <testcase name="test_property_connection_mapping_applied_to_block_attributes" class="Bricks2Etch\Tests\Unit\ComponentMigratorTest" classname="Bricks2Etch.Tests.Unit.ComponentMigratorTest" file="/var/www/html/wp-content/plugins/etch-fusion-suite/tests/unit/ComponentMigratorTest.php" line="123" assertions="4" time="0.029004"/>
      </testsuite>
      <testsuite name="Bricks2Etch\Tests\Unit\Converters\ButtonConverterTest" file="/var/www/html/wp-content/plugins/etch-fusion-suite/tests/unit/Converters/ButtonConverterTest.php" tests="23" assertions="69" errors="0" warnings="0" failures="0" skipped="0" time="0.031745">
        <testcase name="test_convert_basic_button" class="Bricks2Etch\Tests\Unit\Converters\ButtonConverterTest" classname="Bricks2Etch.Tests.Unit.Converters.ButtonConverterTest" file="/var/www/html/wp-content/plugins/etch-fusion-suite/tests/unit/Converters/ButtonConverterTest.php" line="30" assertions="6" time="0.017304"/>
        <testcase name="test_button_style_mapping_primary" class="Bricks2Etch\Tests\Unit\Converters\ButtonConverterTest" classname="Bricks2Etch.Tests.Unit.Converters.ButtonConverterTest" file="/var/www/html/wp-content/plugins/etch-fusion-suite/tests/unit/Converters/ButtonConverterTest.php" line="49" assertions="2" time="0.000593"/>
        <testcase name="test_button_style_mapping_secondary" class="Bricks2Etch\Tests\Unit\Converters\ButtonConverterTest" classname="Bricks2Etch.Tests.Unit.Converters.ButtonConverterTest" file="/var/www/html/wp-content/plugins/etch-fusion-suite/tests/unit/Converters/ButtonConverterTest.php" line="64" assertions="2" time="0.000575"/>
        <testcase name="test_button_style_mapping_outline" class="Bricks2Etch\Tests\Unit\Converters\ButtonConverterTest" classname="Bricks2Etch.Tests.Unit.Converters.ButtonConverterTest" file="/var/www/html/wp-content/plugins/etch-fusion-suite/tests/unit/Converters/ButtonConverterTest.php" line="79" assertions="2" time="0.000574"/>
        <testcase name="test_button_style_mapping_text" class="Bricks2Etch\Tests\Unit\Converters\ButtonConverterTest" classname="Bricks2Etch.Tests.Unit.Converters.ButtonConverterTest" file="/var/www/html/wp-content/plugins/etch-fusion-suite/tests/unit/Converters/ButtonConverterTest.php" line="94" assertions="2" time="0.000657"/>
        <testcase name="test_button_default_style_primary" class="Bricks2Etch\Tests\Unit\Converters\ButtonConverterTest" classname="Bricks2Etch.Tests.Unit.Converters.ButtonConverterTest" file="/var/www/html/wp-content/plugins/etch-fusion-suite/tests/unit/Converters/ButtonConverterTest.php" line="109" assertions="2" time="0.000614"/>
        <testcase name="test_button_link_url_extraction_from_array" class="Bricks2Etch\Tests\Unit\Converters\ButtonConverterTest" classname="Bricks2Etch.Tests.Unit.Converters.ButtonConverterTest" file="/var/www/html/wp-content/plugins/etch-fusion-suite/tests/unit/Converters/ButtonConverterTest.php" line="123" assertions="2" time="0.000769"/>
        <testcase name="test_button_link_url_extraction_from_string" class="Bricks2Etch\Tests\Unit\Converters\ButtonConverterTest" classname="Bricks2Etch.Tests.Unit.Converters.ButtonConverterTest" file="/var/www/html/wp-content/plugins/etch-fusion-suite/tests/unit/Converters/ButtonConverterTest.php" line="137" assertions="2" time="0.000672"/>
        <testcase name="test_button_new_tab_attributes" class="Bricks2Etch\Tests\Unit\Converters\ButtonConverterTest" classname="Bricks2Etch.Tests.Unit.Converters.ButtonConverterTest" file="/var/www/html/wp-content/plugins/etch-fusion-suite/tests/unit/Converters/ButtonConverterTest.php" line="151" assertions="3" time="0.000673"/>
        <testcase name="test_button_no_new_tab_attributes" class="Bricks2Etch\Tests\Unit\Converters\ButtonConverterTest" classname="Bricks2Etch.Tests.Unit.Converters.ButtonConverterTest" file="/var/www/html/wp-content/plugins/etch-fusion-suite/tests/unit/Converters/ButtonConverterTest.php" line="166" assertions="3" time="0.000603"/>
        <testcase name="test_button_default_url_fallback" class="Bricks2Etch\Tests\Unit\Converters\ButtonConverterTest" classname="Bricks2Etch.Tests.Unit.Converters.ButtonConverterTest" file="/var/www/html/wp-content/plugins/etch-fusion-suite/tests/unit/Converters/ButtonConverterTest.php" line="181" assertions="2" time="0.000545"/>
        <testcase name="test_button_text_content_sanitization" class="Bricks2Etch\Tests\Unit\Converters\ButtonConverterTest" classname="Bricks2Etch.Tests.Unit.Converters.ButtonConverterTest" file="/var/www/html/wp-content/plugins/etch-fusion-suite/tests/unit/Converters/ButtonConverterTest.php" line="194" assertions="3" time="0.000689"/>
        <testcase name="test_button_css_class_inheritance" class="Bricks2Etch\Tests\Unit\Converters\ButtonConverterTest" classname="Bricks2Etch.Tests.Unit.Converters.ButtonConverterTest" file="/var/www/html/wp-content/plugins/etch-fusion-suite/tests/unit/Converters/ButtonConverterTest.php" line="209" assertions="2" time="0.001446"/>
        <testcase name="test_button_css_class_priority_over_style" class="Bricks2Etch\Tests\Unit\Converters\ButtonConverterTest" classname="Bricks2Etch.Tests.Unit.Converters.ButtonConverterTest" file="/var/www/html/wp-content/plugins/etch-fusion-suite/tests/unit/Converters/ButtonConverterTest.php" line="224" assertions="3" time="0.001237"/>
        <testcase name="test_button_single_class_only" class="Bricks2Etch\Tests\Unit\Converters\ButtonConverterTest" classname="Bricks2Etch.Tests.Unit.Converters.ButtonConverterTest" file="/var/www/html/wp-content/plugins/etch-fusion-suite/tests/unit/Converters/ButtonConverterTest.php" line="245" assertions="3" time="0.000508"/>
        <testcase name="test_button_outline_as_additional_class" class="Bricks2Etch\Tests\Unit\Converters\ButtonConverterTest" classname="Bricks2Etch.Tests.Unit.Converters.ButtonConverterTest" file="/var/www/html/wp-content/plugins/etch-fusion-suite/tests/unit/Converters/ButtonConverterTest.php" line="264" assertions="2" time="0.000561"/>
        <testcase name="test_button_multiple_btn_classes_keeps_first" class="Bricks2Etch\Tests\Unit\Converters\ButtonConverterTest" classname="Bricks2Etch.Tests.Unit.Converters.ButtonConverterTest" file="/var/www/html/wp-content/plugins/etch-fusion-suite/tests/unit/Converters/ButtonConverterTest.php" line="282" assertions="2" time="0.000543"/>
        <testcase name="test_button_flat_schema_structure" class="Bricks2Etch\Tests\Unit\Converters\ButtonConverterTest" classname="Bricks2Etch.Tests.Unit.Converters.ButtonConverterTest" file="/var/www/html/wp-content/plugins/etch-fusion-suite/tests/unit/Converters/ButtonConverterTest.php" line="307" assertions="7" time="0.000624"/>
        <testcase name="test_button_empty_text_content" class="Bricks2Etch\Tests\Unit\Converters\ButtonConverterTest" classname="Bricks2Etch.Tests.Unit.Converters.ButtonConverterTest" file="/var/www/html/wp-content/plugins/etch-fusion-suite/tests/unit/Converters/ButtonConverterTest.php" line="326" assertions="4" time="0.000562"/>
        <testcase name="test_button_style_class_prefix_detection" class="Bricks2Etch\Tests\Unit\Converters\ButtonConverterTest" classname="Bricks2Etch.Tests.Unit.Converters.ButtonConverterTest" file="/var/www/html/wp-content/plugins/etch-fusion-suite/tests/unit/Converters/ButtonConverterTest.php" line="341" assertions="2" time="0.000491"/>
        <testcase name="test_button_with_nested_icon" class="Bricks2Etch\Tests\Unit\Converters\ButtonConverterTest" classname="Bricks2Etch.Tests.Unit.Converters.ButtonConverterTest" file="/var/www/html/wp-content/plugins/etch-fusion-suite/tests/unit/Converters/ButtonConverterTest.php" line="356" assertions="5" time="0.000497"/>
        <testcase name="test_button_with_multiple_nested_icons" class="Bricks2Etch\Tests\Unit\Converters\ButtonConverterTest" classname="Bricks2Etch.Tests.Unit.Converters.ButtonConverterTest" file="/var/www/html/wp-content/plugins/etch-fusion-suite/tests/unit/Converters/ButtonConverterTest.php" line="384" assertions="4" time="0.000511"/>
        <testcase name="test_button_ignores_non_icon_children" class="Bricks2Etch\Tests\Unit\Converters\ButtonConverterTest" classname="Bricks2Etch.Tests.Unit.Converters.ButtonConverterTest" file="/var/www/html/wp-content/plugins/etch-fusion-suite/tests/unit/Converters/ButtonConverterTest.php" line="418" assertions="4" time="0.000498"/>
      </testsuite>
      <testsuite name="Bricks2Etch\Tests\Unit\Converters\CodeConverterTest" file="/var/www/html/wp-content/plugins/etch-fusion-suite/tests/unit/Converters/CodeConverterTest.php" tests="20" assertions="45" errors="0" warnings="0" failures="0" skipped="0" time="0.032894">
        <testcase name="test_convert_code_with_execute_true" class="Bricks2Etch\Tests\Unit\Converters\CodeConverterTest" classname="Bricks2Etch.Tests.Unit.Converters.CodeConverterTest" file="/var/www/html/wp-content/plugins/etch-fusion-suite/tests/unit/Converters/CodeConverterTest.php" line="22" assertions="3" time="0.017832"/>
        <testcase name="test_convert_code_with_execute_false" class="Bricks2Etch\Tests\Unit\Converters\CodeConverterTest" classname="Bricks2Etch.Tests.Unit.Converters.CodeConverterTest" file="/var/www/html/wp-content/plugins/etch-fusion-suite/tests/unit/Converters/CodeConverterTest.php" line="37" assertions="2" time="0.000774"/>
        <testcase name="test_raw_html_block_structure" class="Bricks2Etch\Tests\Unit\Converters\CodeConverterTest" classname="Bricks2Etch.Tests.Unit.Converters.CodeConverterTest" file="/var/www/html/wp-content/plugins/etch-fusion-suite/tests/unit/Converters/CodeConverterTest.php" line="51" assertions="3" time="0.000647"/>
        <testcase name="test_code_content_extraction" class="Bricks2Etch\Tests\Unit\Converters\CodeConverterTest" classname="Bricks2Etch.Tests.Unit.Converters.CodeConverterTest" file="/var/www/html/wp-content/plugins/etch-fusion-suite/tests/unit/Converters/CodeConverterTest.php" line="63" assertions="1" time="0.000525"/>
        <testcase name="test_php_code_generates_warning_block" class="Bricks2Etch\Tests\Unit\Converters\CodeConverterTest" classname="Bricks2Etch.Tests.Unit.Converters.CodeConverterTest" file="/var/www/html/wp-content/plugins/etch-fusion-suite/tests/unit/Converters/CodeConverterTest.php" line="77" assertions="5" time="0.002399"/>
        <testcase name="test_php_short_open_tag_detected" class="Bricks2Etch\Tests\Unit\Converters\CodeConverterTest" classname="Bricks2Etch.Tests.Unit.Converters.CodeConverterTest" file="/var/www/html/wp-content/plugins/etch-fusion-suite/tests/unit/Converters/CodeConverterTest.php" line="94" assertions="1" time="0.001899"/>
        <testcase name="test_php_code_is_html_escaped_in_warning" class="Bricks2Etch\Tests\Unit\Converters\CodeConverterTest" classname="Bricks2Etch.Tests.Unit.Converters.CodeConverterTest" file="/var/www/html/wp-content/plugins/etch-fusion-suite/tests/unit/Converters/CodeConverterTest.php" line="106" assertions="2" time="0.002255"/>
        <testcase name="test_javascript_field_produces_etch_element_with_base64" class="Bricks2Etch\Tests\Unit\Converters\CodeConverterTest" classname="Bricks2Etch.Tests.Unit.Converters.CodeConverterTest" file="/var/www/html/wp-content/plugins/etch-fusion-suite/tests/unit/Converters/CodeConverterTest.php" line="122" assertions="3" time="0.000516"/>
        <testcase name="test_script_tag_in_html_field_extracted_to_etch_element" class="Bricks2Etch\Tests\Unit\Converters\CodeConverterTest" classname="Bricks2Etch.Tests.Unit.Converters.CodeConverterTest" file="/var/www/html/wp-content/plugins/etch-fusion-suite/tests/unit/Converters/CodeConverterTest.php" line="140" assertions="3" time="0.000544"/>
        <testcase name="test_script_type_module_extracted" class="Bricks2Etch\Tests\Unit\Converters\CodeConverterTest" classname="Bricks2Etch.Tests.Unit.Converters.CodeConverterTest" file="/var/www/html/wp-content/plugins/etch-fusion-suite/tests/unit/Converters/CodeConverterTest.php" line="157" assertions="2" time="0.000497"/>
        <testcase name="test_js_field_and_script_tag_combined" class="Bricks2Etch\Tests\Unit\Converters\CodeConverterTest" classname="Bricks2Etch.Tests.Unit.Converters.CodeConverterTest" file="/var/www/html/wp-content/plugins/etch-fusion-suite/tests/unit/Converters/CodeConverterTest.php" line="172" assertions="2" time="0.000470"/>
        <testcase name="test_css_field_produces_raw_html_with_style_tag" class="Bricks2Etch\Tests\Unit\Converters\CodeConverterTest" classname="Bricks2Etch.Tests.Unit.Converters.CodeConverterTest" file="/var/www/html/wp-content/plugins/etch-fusion-suite/tests/unit/Converters/CodeConverterTest.php" line="191" assertions="3" time="0.000572"/>
        <testcase name="test_style_tag_in_html_field_extracted" class="Bricks2Etch\Tests\Unit\Converters\CodeConverterTest" classname="Bricks2Etch.Tests.Unit.Converters.CodeConverterTest" file="/var/www/html/wp-content/plugins/etch-fusion-suite/tests/unit/Converters/CodeConverterTest.php" line="207" assertions="3" time="0.000518"/>
        <testcase name="test_css_field_and_style_tag_combined" class="Bricks2Etch\Tests\Unit\Converters\CodeConverterTest" classname="Bricks2Etch.Tests.Unit.Converters.CodeConverterTest" file="/var/www/html/wp-content/plugins/etch-fusion-suite/tests/unit/Converters/CodeConverterTest.php" line="223" assertions="2" time="0.000471"/>
        <testcase name="test_code_with_all_three_types" class="Bricks2Etch\Tests\Unit\Converters\CodeConverterTest" classname="Bricks2Etch.Tests.Unit.Converters.CodeConverterTest" file="/var/www/html/wp-content/plugins/etch-fusion-suite/tests/unit/Converters/CodeConverterTest.php" line="239" assertions="4" time="0.000460"/>
        <testcase name="test_empty_settings_returns_empty_string" class="Bricks2Etch\Tests\Unit\Converters\CodeConverterTest" classname="Bricks2Etch.Tests.Unit.Converters.CodeConverterTest" file="/var/www/html/wp-content/plugins/etch-fusion-suite/tests/unit/Converters/CodeConverterTest.php" line="261" assertions="1" time="0.000454"/>
        <testcase name="test_html_comments_only_returns_empty" class="Bricks2Etch\Tests\Unit\Converters\CodeConverterTest" classname="Bricks2Etch.Tests.Unit.Converters.CodeConverterTest" file="/var/www/html/wp-content/plugins/etch-fusion-suite/tests/unit/Converters/CodeConverterTest.php" line="271" assertions="1" time="0.000520"/>
        <testcase name="test_whitespace_only_html_after_extraction_returns_empty" class="Bricks2Etch\Tests\Unit\Converters\CodeConverterTest" classname="Bricks2Etch.Tests.Unit.Converters.CodeConverterTest" file="/var/www/html/wp-content/plugins/etch-fusion-suite/tests/unit/Converters/CodeConverterTest.php" line="283" assertions="2" time="0.000527"/>
        <testcase name="test_multiple_script_tags_combined" class="Bricks2Etch\Tests\Unit\Converters\CodeConverterTest" classname="Bricks2Etch.Tests.Unit.Converters.CodeConverterTest" file="/var/www/html/wp-content/plugins/etch-fusion-suite/tests/unit/Converters/CodeConverterTest.php" line="297" assertions="1" time="0.000510"/>
        <testcase name="test_root_css_variables_output_as_raw_html" class="Bricks2Etch\Tests\Unit\Converters\CodeConverterTest" classname="Bricks2Etch.Tests.Unit.Converters.CodeConverterTest" file="/var/www/html/wp-content/plugins/etch-fusion-suite/tests/unit/Converters/CodeConverterTest.php" line="311" assertions="1" time="0.000505"/>
      </testsuite>
      <testsuite name="Bricks2Etch\Tests\Unit\Converters\ElementConvertersSchemaMigrationTest" file="/var/www/html/wp-content/plugins/etch-fusion-suite/tests/unit/Converters/ElementConvertersSchemaMigrationTest.php" tests="5" assertions="25" errors="0" warnings="0" failures="0" skipped="0" time="0.056470">
        <testcase name="test_heading_converter_outputs_etch_element_with_etch_text" class="Bricks2Etch\Tests\Unit\Converters\ElementConvertersSchemaMigrationTest" classname="Bricks2Etch.Tests.Unit.Converters.ElementConvertersSchemaMigrationTest" file="/var/www/html/wp-content/plugins/etch-fusion-suite/tests/unit/Converters/ElementConvertersSchemaMigrationTest.php" line="34" assertions="5" time="0.000545"/>
        <testcase name="test_paragraph_converter_outputs_etch_element_with_etch_text" class="Bricks2Etch\Tests\Unit\Converters\ElementConvertersSchemaMigrationTest" classname="Bricks2Etch.Tests.Unit.Converters.ElementConvertersSchemaMigrationTest" file="/var/www/html/wp-content/plugins/etch-fusion-suite/tests/unit/Converters/ElementConvertersSchemaMigrationTest.php" line="53" assertions="5" time="0.017853"/>
        <testcase name="test_image_converter_outputs_figure_and_img_inner_blocks" class="Bricks2Etch\Tests\Unit\Converters\ElementConvertersSchemaMigrationTest" classname="Bricks2Etch.Tests.Unit.Converters.ElementConvertersSchemaMigrationTest" file="/var/www/html/wp-content/plugins/etch-fusion-suite/tests/unit/Converters/ElementConvertersSchemaMigrationTest.php" line="72" assertions="5" time="0.019877"/>
        <testcase name="test_button_converter_outputs_anchor_element_and_text_block" class="Bricks2Etch\Tests\Unit\Converters\ElementConvertersSchemaMigrationTest" classname="Bricks2Etch.Tests.Unit.Converters.ElementConvertersSchemaMigrationTest" file="/var/www/html/wp-content/plugins/etch-fusion-suite/tests/unit/Converters/ElementConvertersSchemaMigrationTest.php" line="94" assertions="6" time="0.000674"/>
        <testcase name="test_icon_converter_outputs_icon_element_without_placeholder_markup" class="Bricks2Etch\Tests\Unit\Converters\ElementConvertersSchemaMigrationTest" classname="Bricks2Etch.Tests.Unit.Converters.ElementConvertersSchemaMigrationTest" file="/var/www/html/wp-content/plugins/etch-fusion-suite/tests/unit/Converters/ElementConvertersSchemaMigrationTest.php" line="117" assertions="4" time="0.017521"/>
      </testsuite>
      <testsuite name="Bricks2Etch\Tests\Unit\Converters\GutenbergGeneratorSchemaTest" file="/var/www/html/wp-content/plugins/etch-fusion-suite/tests/unit/Converters/GutenbergGeneratorSchemaTest.php" tests="2" assertions="15" errors="0" warnings="0" failures="0" skipped="0" time="0.067380">
        <testcase name="test_generate_gutenberg_blocks_uses_flat_etch_element_schema_for_structural_elements" class="Bricks2Etch\Tests\Unit\Converters\GutenbergGeneratorSchemaTest" classname="Bricks2Etch.Tests.Unit.Converters.GutenbergGeneratorSchemaTest" file="/var/www/html/wp-content/plugins/etch-fusion-suite/tests/unit/Converters/GutenbergGeneratorSchemaTest.php" line="39" assertions="8" time="0.054787"/>
        <testcase name="test_generate_gutenberg_blocks_fallback_iframe_uses_flat_etch_schema_without_wrappers" class="Bricks2Etch\Tests\Unit\Converters\GutenbergGeneratorSchemaTest" classname="Bricks2Etch.Tests.Unit.Converters.GutenbergGeneratorSchemaTest" file="/var/www/html/wp-content/plugins/etch-fusion-suite/tests/unit/Converters/GutenbergGeneratorSchemaTest.php" line="89" assertions="7" time="0.012593"/>
      </testsuite>
      <testsuite name="Bricks2Etch\Tests\Unit\Converters\HtmlConverterTest" file="/var/www/html/wp-content/plugins/etch-fusion-suite/tests/unit/Converters/HtmlConverterTest.php" tests="6" assertions="18" errors="0" warnings="0" failures="0" skipped="0" time="0.025071">
        <testcase name="test_convert_html_basic" class="Bricks2Etch\Tests\Unit\Converters\HtmlConverterTest" classname="Bricks2Etch.Tests.Unit.Converters.HtmlConverterTest" file="/var/www/html/wp-content/plugins/etch-fusion-suite/tests/unit/Converters/HtmlConverterTest.php" line="20" assertions="4" time="0.016207"/>
        <testcase name="test_convert_html_with_special_characters" class="Bricks2Etch\Tests\Unit\Converters\HtmlConverterTest" classname="Bricks2Etch.Tests.Unit.Converters.HtmlConverterTest" file="/var/www/html/wp-content/plugins/etch-fusion-suite/tests/unit/Converters/HtmlConverterTest.php" line="35" assertions="4" time="0.006851"/>
        <testcase name="test_convert_html_empty_content" class="Bricks2Etch\Tests\Unit\Converters\HtmlConverterTest" classname="Bricks2Etch.Tests.Unit.Converters.HtmlConverterTest" file="/var/www/html/wp-content/plugins/etch-fusion-suite/tests/unit/Converters/HtmlConverterTest.php" line="50" assertions="3" time="0.000519"/>
        <testcase name="test_html_unsafe_attribute" class="Bricks2Etch\Tests\Unit\Converters\HtmlConverterTest" classname="Bricks2Etch.Tests.Unit.Converters.HtmlConverterTest" file="/var/www/html/wp-content/plugins/etch-fusion-suite/tests/unit/Converters/HtmlConverterTest.php" line="62" assertions="2" time="0.000525"/>
        <testcase name="test_raw_html_block_structure" class="Bricks2Etch\Tests\Unit\Converters\HtmlConverterTest" classname="Bricks2Etch.Tests.Unit.Converters.HtmlConverterTest" file="/var/www/html/wp-content/plugins/etch-fusion-suite/tests/unit/Converters/HtmlConverterTest.php" line="73" assertions="3" time="0.000502"/>
        <testcase name="test_html_content_extraction" class="Bricks2Etch\Tests\Unit\Converters\HtmlConverterTest" classname="Bricks2Etch.Tests.Unit.Converters.HtmlConverterTest" file="/var/www/html/wp-content/plugins/etch-fusion-suite/tests/unit/Converters/HtmlConverterTest.php" line="85" assertions="2" time="0.000468"/>
      </testsuite>
      <testsuite name="Bricks2Etch\Tests\Unit\Converters\IconConverterTest" file="/var/www/html/wp-content/plugins/etch-fusion-suite/tests/unit/Converters/IconConverterTest.php" tests="11" assertions="28" errors="0" warnings="0" failures="0" skipped="0" time="0.006305">
        <testcase name="test_convert_basic_icon" class="Bricks2Etch\Tests\Unit\Converters\IconConverterTest" classname="Bricks2Etch.Tests.Unit.Converters.IconConverterTest" file="/var/www/html/wp-content/plugins/etch-fusion-suite/tests/unit/Converters/IconConverterTest.php" line="30" assertions="3" time="0.000642"/>
        <testcase name="test_icon_generates_svg_block" class="Bricks2Etch\Tests\Unit\Converters\IconConverterTest" classname="Bricks2Etch.Tests.Unit.Converters.IconConverterTest" file="/var/www/html/wp-content/plugins/etch-fusion-suite/tests/unit/Converters/IconConverterTest.php" line="44" assertions="2" time="0.000535"/>
        <testcase name="test_icon_empty_attributes" class="Bricks2Etch\Tests\Unit\Converters\IconConverterTest" classname="Bricks2Etch.Tests.Unit.Converters.IconConverterTest" file="/var/www/html/wp-content/plugins/etch-fusion-suite/tests/unit/Converters/IconConverterTest.php" line="55" assertions="2" time="0.000591"/>
        <testcase name="test_icon_style_inheritance" class="Bricks2Etch\Tests\Unit\Converters\IconConverterTest" classname="Bricks2Etch.Tests.Unit.Converters.IconConverterTest" file="/var/www/html/wp-content/plugins/etch-fusion-suite/tests/unit/Converters/IconConverterTest.php" line="66" assertions="2" time="0.000554"/>
        <testcase name="test_icon_with_font_awesome_icon" class="Bricks2Etch\Tests\Unit\Converters\IconConverterTest" classname="Bricks2Etch.Tests.Unit.Converters.IconConverterTest" file="/var/www/html/wp-content/plugins/etch-fusion-suite/tests/unit/Converters/IconConverterTest.php" line="80" assertions="3" time="0.000455"/>
        <testcase name="test_icon_with_ionicons" class="Bricks2Etch\Tests\Unit\Converters\IconConverterTest" classname="Bricks2Etch.Tests.Unit.Converters.IconConverterTest" file="/var/www/html/wp-content/plugins/etch-fusion-suite/tests/unit/Converters/IconConverterTest.php" line="94" assertions="2" time="0.000473"/>
        <testcase name="test_icon_converts_to_empty_svg_block" class="Bricks2Etch\Tests\Unit\Converters\IconConverterTest" classname="Bricks2Etch.Tests.Unit.Converters.IconConverterTest" file="/var/www/html/wp-content/plugins/etch-fusion-suite/tests/unit/Converters/IconConverterTest.php" line="107" assertions="3" time="0.000475"/>
        <testcase name="test_icon_with_custom_styling" class="Bricks2Etch\Tests\Unit\Converters\IconConverterTest" classname="Bricks2Etch.Tests.Unit.Converters.IconConverterTest" file="/var/www/html/wp-content/plugins/etch-fusion-suite/tests/unit/Converters/IconConverterTest.php" line="123" assertions="2" time="0.000512"/>
        <testcase name="test_icon_no_children_support" class="Bricks2Etch\Tests\Unit\Converters\IconConverterTest" classname="Bricks2Etch.Tests.Unit.Converters.IconConverterTest" file="/var/www/html/wp-content/plugins/etch-fusion-suite/tests/unit/Converters/IconConverterTest.php" line="138" assertions="3" time="0.000996"/>
        <testcase name="test_icon_json_structure" class="Bricks2Etch\Tests\Unit\Converters\IconConverterTest" classname="Bricks2Etch.Tests.Unit.Converters.IconConverterTest" file="/var/www/html/wp-content/plugins/etch-fusion-suite/tests/unit/Converters/IconConverterTest.php" line="154" assertions="4" time="0.000500"/>
        <testcase name="test_icon_multiple_style_classes" class="Bricks2Etch\Tests\Unit\Converters\IconConverterTest" classname="Bricks2Etch.Tests.Unit.Converters.IconConverterTest" file="/var/www/html/wp-content/plugins/etch-fusion-suite/tests/unit/Converters/IconConverterTest.php" line="168" assertions="2" time="0.000572"/>
      </testsuite>
      <testsuite name="Bricks2Etch\Tests\Unit\Converters\NotesConverterTest" file="/var/www/html/wp-content/plugins/etch-fusion-suite/tests/unit/Converters/NotesConverterTest.php" tests="8" assertions="34" errors="0" warnings="0" failures="0" skipped="0" time="0.030215">
        <testcase name="test_convert_notes_with_html_content" class="Bricks2Etch\Tests\Unit\Converters\NotesConverterTest" classname="Bricks2Etch.Tests.Unit.Converters.NotesConverterTest" file="/var/www/html/wp-content/plugins/etch-fusion-suite/tests/unit/Converters/NotesConverterTest.php" line="20" assertions="4" time="0.019504"/>
        <testcase name="test_convert_notes_with_plain_text" class="Bricks2Etch\Tests\Unit\Converters\NotesConverterTest" classname="Bricks2Etch.Tests.Unit.Converters.NotesConverterTest" file="/var/www/html/wp-content/plugins/etch-fusion-suite/tests/unit/Converters/NotesConverterTest.php" line="35" assertions="4" time="0.000619"/>
        <testcase name="test_convert_empty_notes" class="Bricks2Etch\Tests\Unit\Converters\NotesConverterTest" classname="Bricks2Etch.Tests.Unit.Converters.NotesConverterTest" file="/var/www/html/wp-content/plugins/etch-fusion-suite/tests/unit/Converters/NotesConverterTest.php" line="50" assertions="2" time="0.000554"/>
        <testcase name="test_convert_notes_with_multiline_content" class="Bricks2Etch\Tests\Unit\Converters\NotesConverterTest" classname="Bricks2Etch.Tests.Unit.Converters.NotesConverterTest" file="/var/www/html/wp-content/plugins/etch-fusion-suite/tests/unit/Converters/NotesConverterTest.php" line="68" assertions="4" time="0.007420"/>
        <testcase name="test_html_stripping_validation" class="Bricks2Etch\Tests\Unit\Converters\NotesConverterTest" classname="Bricks2Etch.Tests.Unit.Converters.NotesConverterTest" file="/var/www/html/wp-content/plugins/etch-fusion-suite/tests/unit/Converters/NotesConverterTest.php" line="84" assertions="6" time="0.000546"/>
        <testcase name="test_comment_format_verification" class="Bricks2Etch\Tests\Unit\Converters\NotesConverterTest" classname="Bricks2Etch.Tests.Unit.Converters.NotesConverterTest" file="/var/www/html/wp-content/plugins/etch-fusion-suite/tests/unit/Converters/NotesConverterTest.php" line="101" assertions="4" time="0.000513"/>
        <testcase name="test_special_characters_in_notes" class="Bricks2Etch\Tests\Unit\Converters\NotesConverterTest" classname="Bricks2Etch.Tests.Unit.Converters.NotesConverterTest" file="/var/www/html/wp-content/plugins/etch-fusion-suite/tests/unit/Converters/NotesConverterTest.php" line="114" assertions="6" time="0.000595"/>
        <testcase name="test_comment_does_not_contain_double_hyphen_sequence" class="Bricks2Etch\Tests\Unit\Converters\NotesConverterTest" classname="Bricks2Etch.Tests.Unit.Converters.NotesConverterTest" file="/var/www/html/wp-content/plugins/etch-fusion-suite/tests/unit/Converters/NotesConverterTest.php" line="131" assertions="4" time="0.000463"/>
      </testsuite>
      <testsuite name="Bricks2Etch\Tests\Unit\Converters\ShortcodeConverterTest" file="/var/www/html/wp-content/plugins/etch-fusion-suite/tests/unit/Converters/ShortcodeConverterTest.php" tests="6" assertions="20" errors="0" warnings="0" failures="0" skipped="0" time="0.020980">
        <testcase name="test_convert_shortcode_basic" class="Bricks2Etch\Tests\Unit\Converters\ShortcodeConverterTest" classname="Bricks2Etch.Tests.Unit.Converters.ShortcodeConverterTest" file="/var/www/html/wp-content/plugins/etch-fusion-suite/tests/unit/Converters/ShortcodeConverterTest.php" line="20" assertions="4" time="0.018204"/>
        <testcase name="test_convert_shortcode_with_attributes" class="Bricks2Etch\Tests\Unit\Converters\ShortcodeConverterTest" classname="Bricks2Etch.Tests.Unit.Converters.ShortcodeConverterTest" file="/var/www/html/wp-content/plugins/etch-fusion-suite/tests/unit/Converters/ShortcodeConverterTest.php" line="35" assertions="4" time="0.000644"/>
        <testcase name="test_convert_shortcode_empty_content" class="Bricks2Etch\Tests\Unit\Converters\ShortcodeConverterTest" classname="Bricks2Etch.Tests.Unit.Converters.ShortcodeConverterTest" file="/var/www/html/wp-content/plugins/etch-fusion-suite/tests/unit/Converters/ShortcodeConverterTest.php" line="50" assertions="3" time="0.000544"/>
        <testcase name="test_shortcode_unsafe_attribute" class="Bricks2Etch\Tests\Unit\Converters\ShortcodeConverterTest" classname="Bricks2Etch.Tests.Unit.Converters.ShortcodeConverterTest" file="/var/www/html/wp-content/plugins/etch-fusion-suite/tests/unit/Converters/ShortcodeConverterTest.php" line="62" assertions="2" time="0.000563"/>
        <testcase name="test_raw_html_block_structure" class="Bricks2Etch\Tests\Unit\Converters\ShortcodeConverterTest" classname="Bricks2Etch.Tests.Unit.Converters.ShortcodeConverterTest" file="/var/www/html/wp-content/plugins/etch-fusion-suite/tests/unit/Converters/ShortcodeConverterTest.php" line="73" assertions="3" time="0.000557"/>
        <testcase name="test_shortcode_format_preserved" class="Bricks2Etch\Tests\Unit\Converters\ShortcodeConverterTest" classname="Bricks2Etch.Tests.Unit.Converters.ShortcodeConverterTest" file="/var/www/html/wp-content/plugins/etch-fusion-suite/tests/unit/Converters/ShortcodeConverterTest.php" line="85" assertions="4" time="0.000468"/>
      </testsuite>
      <testsuite name="Bricks2Etch\Tests\Unit\Converters\StructuralConvertersSchemaTest" file="/var/www/html/wp-content/plugins/etch-fusion-suite/tests/unit/Converters/StructuralConvertersSchemaTest.php" tests="6" assertions="68" errors="0" warnings="0" failures="0" skipped="0" time="0.038986">
        <testcase name="test_container_converter_uses_flat_attrs_and_comment_only_block" class="Bricks2Etch\Tests\Unit\Converters\StructuralConvertersSchemaTest" classname="Bricks2Etch.Tests.Unit.Converters.StructuralConvertersSchemaTest" file="/var/www/html/wp-content/plugins/etch-fusion-suite/tests/unit/Converters/StructuralConvertersSchemaTest.php" line="46" assertions="11" time="0.014324"/>
        <testcase name="test_section_converter_uses_flat_attrs_and_section_tag" class="Bricks2Etch\Tests\Unit\Converters\StructuralConvertersSchemaTest" classname="Bricks2Etch.Tests.Unit.Converters.StructuralConvertersSchemaTest" file="/var/www/html/wp-content/plugins/etch-fusion-suite/tests/unit/Converters/StructuralConvertersSchemaTest.php" line="73" assertions="9" time="0.001776"/>
        <testcase name="test_section_converter_promotes_template_root_to_header_from_context" class="Bricks2Etch\Tests\Unit\Converters\StructuralConvertersSchemaTest" classname="Bricks2Etch.Tests.Unit.Converters.StructuralConvertersSchemaTest" file="/var/www/html/wp-content/plugins/etch-fusion-suite/tests/unit/Converters/StructuralConvertersSchemaTest.php" line="96" assertions="3" time="0.001914"/>
        <testcase name="test_div_converter_does_not_emit_deprecated_flex_div_marker" class="Bricks2Etch\Tests\Unit\Converters\StructuralConvertersSchemaTest" classname="Bricks2Etch.Tests.Unit.Converters.StructuralConvertersSchemaTest" file="/var/www/html/wp-content/plugins/etch-fusion-suite/tests/unit/Converters/StructuralConvertersSchemaTest.php" line="117" assertions="9" time="0.001673"/>
        <testcase name="test_generator_outputs_flat_v11_etch_schema_for_minimal_structural_chain" class="Bricks2Etch\Tests\Unit\Converters\StructuralConvertersSchemaTest" classname="Bricks2Etch.Tests.Unit.Converters.StructuralConvertersSchemaTest" file="/var/www/html/wp-content/plugins/etch-fusion-suite/tests/unit/Converters/StructuralConvertersSchemaTest.php" line="141" assertions="30" time="0.015692"/>
        <testcase name="test_generator_promotes_first_root_structural_element_to_template_header_tag" class="Bricks2Etch\Tests\Unit\Converters\StructuralConvertersSchemaTest" classname="Bricks2Etch.Tests.Unit.Converters.StructuralConvertersSchemaTest" file="/var/www/html/wp-content/plugins/etch-fusion-suite/tests/unit/Converters/StructuralConvertersSchemaTest.php" line="203" assertions="6" time="0.003606"/>
      </testsuite>
      <testsuite name="Bricks2Etch\Tests\Unit\Converters\SvgConverterTest" file="/var/www/html/wp-content/plugins/etch-fusion-suite/tests/unit/Converters/SvgConverterTest.php" tests="6" assertions="17" errors="0" warnings="0" failures="0" skipped="0" time="0.031911">
        <testcase name="test_convert_svg_with_file_source" class="Bricks2Etch\Tests\Unit\Converters\SvgConverterTest" classname="Bricks2Etch.Tests.Unit.Converters.SvgConverterTest" file="/var/www/html/wp-content/plugins/etch-fusion-suite/tests/unit/Converters/SvgConverterTest.php" line="30" assertions="3" time="0.018536"/>
        <testcase name="test_convert_svg_with_code_source" class="Bricks2Etch\Tests\Unit\Converters\SvgConverterTest" classname="Bricks2Etch.Tests.Unit.Converters.SvgConverterTest" file="/var/www/html/wp-content/plugins/etch-fusion-suite/tests/unit/Converters/SvgConverterTest.php" line="45" assertions="1" time="0.005507"/>
        <testcase name="test_convert_svg_with_icon_set_source" class="Bricks2Etch\Tests\Unit\Converters\SvgConverterTest" classname="Bricks2Etch.Tests.Unit.Converters.SvgConverterTest" file="/var/www/html/wp-content/plugins/etch-fusion-suite/tests/unit/Converters/SvgConverterTest.php" line="64" assertions="3" time="0.005246"/>
        <testcase name="test_convert_svg_with_dynamic_data_source" class="Bricks2Etch\Tests\Unit\Converters\SvgConverterTest" classname="Bricks2Etch.Tests.Unit.Converters.SvgConverterTest" file="/var/www/html/wp-content/plugins/etch-fusion-suite/tests/unit/Converters/SvgConverterTest.php" line="81" assertions="1" time="0.001600"/>
        <testcase name="test_svg_attribute_mapping" class="Bricks2Etch\Tests\Unit\Converters\SvgConverterTest" classname="Bricks2Etch.Tests.Unit.Converters.SvgConverterTest" file="/var/www/html/wp-content/plugins/etch-fusion-suite/tests/unit/Converters/SvgConverterTest.php" line="91" assertions="6" time="0.000480"/>
        <testcase name="test_svg_css_classes_and_styles" class="Bricks2Etch\Tests\Unit\Converters\SvgConverterTest" classname="Bricks2Etch.Tests.Unit.Converters.SvgConverterTest" file="/var/www/html/wp-content/plugins/etch-fusion-suite/tests/unit/Converters/SvgConverterTest.php" line="114" assertions="3" time="0.000542"/>
      </testsuite>
      <testsuite name="Bricks2Etch\Tests\Unit\Converters\TextConverterTest" file="/var/www/html/wp-content/plugins/etch-fusion-suite/tests/unit/Converters/TextConverterTest.php" tests="11" assertions="45" errors="0" warnings="0" failures="0" skipped="0" time="0.027906">
        <testcase name="test_single_paragraph_conversion" class="Bricks2Etch\Tests\Unit\Converters\TextConverterTest" classname="Bricks2Etch.Tests.Unit.Converters.TextConverterTest" file="/var/www/html/wp-content/plugins/etch-fusion-suite/tests/unit/Converters/TextConverterTest.php" line="30" assertions="5" time="0.021666"/>
        <testcase name="test_multiple_paragraphs" class="Bricks2Etch\Tests\Unit\Converters\TextConverterTest" classname="Bricks2Etch.Tests.Unit.Converters.TextConverterTest" file="/var/www/html/wp-content/plugins/etch-fusion-suite/tests/unit/Converters/TextConverterTest.php" line="46" assertions="6" time="0.000785"/>
        <testcase name="test_nested_list_structure" class="Bricks2Etch\Tests\Unit\Converters\TextConverterTest" classname="Bricks2Etch.Tests.Unit.Converters.TextConverterTest" file="/var/www/html/wp-content/plugins/etch-fusion-suite/tests/unit/Converters/TextConverterTest.php" line="64" assertions="6" time="0.000703"/>
        <testcase name="test_mixed_content" class="Bricks2Etch\Tests\Unit\Converters\TextConverterTest" classname="Bricks2Etch.Tests.Unit.Converters.TextConverterTest" file="/var/www/html/wp-content/plugins/etch-fusion-suite/tests/unit/Converters/TextConverterTest.php" line="81" assertions="6" time="0.000599"/>
        <testcase name="test_heading_conversion" class="Bricks2Etch\Tests\Unit\Converters\TextConverterTest" classname="Bricks2Etch.Tests.Unit.Converters.TextConverterTest" file="/var/www/html/wp-content/plugins/etch-fusion-suite/tests/unit/Converters/TextConverterTest.php" line="99" assertions="5" time="0.000648"/>
        <testcase name="test_css_class_preservation" class="Bricks2Etch\Tests\Unit\Converters\TextConverterTest" classname="Bricks2Etch.Tests.Unit.Converters.TextConverterTest" file="/var/www/html/wp-content/plugins/etch-fusion-suite/tests/unit/Converters/TextConverterTest.php" line="115" assertions="4" time="0.000572"/>
        <testcase name="test_malformed_html_handling" class="Bricks2Etch\Tests\Unit\Converters\TextConverterTest" classname="Bricks2Etch.Tests.Unit.Converters.TextConverterTest" file="/var/www/html/wp-content/plugins/etch-fusion-suite/tests/unit/Converters/TextConverterTest.php" line="132" assertions="2" time="0.000652"/>
        <testcase name="test_empty_content_handling" class="Bricks2Etch\Tests\Unit\Converters\TextConverterTest" classname="Bricks2Etch.Tests.Unit.Converters.TextConverterTest" file="/var/www/html/wp-content/plugins/etch-fusion-suite/tests/unit/Converters/TextConverterTest.php" line="145" assertions="2" time="0.000482"/>
        <testcase name="test_html_entity_preservation" class="Bricks2Etch\Tests\Unit\Converters\TextConverterTest" classname="Bricks2Etch.Tests.Unit.Converters.TextConverterTest" file="/var/www/html/wp-content/plugins/etch-fusion-suite/tests/unit/Converters/TextConverterTest.php" line="162" assertions="3" time="0.000630"/>
        <testcase name="test_nested_html_in_list_items" class="Bricks2Etch\Tests\Unit\Converters\TextConverterTest" classname="Bricks2Etch.Tests.Unit.Converters.TextConverterTest" file="/var/www/html/wp-content/plugins/etch-fusion-suite/tests/unit/Converters/TextConverterTest.php" line="176" assertions="4" time="0.000619"/>
        <testcase name="test_xss_protection" class="Bricks2Etch\Tests\Unit\Converters\TextConverterTest" classname="Bricks2Etch.Tests.Unit.Converters.TextConverterTest" file="/var/www/html/wp-content/plugins/etch-fusion-suite/tests/unit/Converters/TextConverterTest.php" line="191" assertions="2" time="0.000550"/>
      </testsuite>
      <testsuite name="Bricks2Etch\Tests\Unit\Converters\TextLinkConverterTest" file="/var/www/html/wp-content/plugins/etch-fusion-suite/tests/unit/Converters/TextLinkConverterTest.php" tests="10" assertions="34" errors="0" warnings="0" failures="0" skipped="0" time="0.028028">
        <testcase name="test_convert_basic_text_link" class="Bricks2Etch\Tests\Unit\Converters\TextLinkConverterTest" classname="Bricks2Etch.Tests.Unit.Converters.TextLinkConverterTest" file="/var/www/html/wp-content/plugins/etch-fusion-suite/tests/unit/Converters/TextLinkConverterTest.php" line="30" assertions="6" time="0.022907"/>
        <testcase name="test_link_url_extraction_from_array" class="Bricks2Etch\Tests\Unit\Converters\TextLinkConverterTest" classname="Bricks2Etch.Tests.Unit.Converters.TextLinkConverterTest" file="/var/www/html/wp-content/plugins/etch-fusion-suite/tests/unit/Converters/TextLinkConverterTest.php" line="48" assertions="2" time="0.000548"/>
        <testcase name="test_link_url_extraction_from_string" class="Bricks2Etch\Tests\Unit\Converters\TextLinkConverterTest" classname="Bricks2Etch.Tests.Unit.Converters.TextLinkConverterTest" file="/var/www/html/wp-content/plugins/etch-fusion-suite/tests/unit/Converters/TextLinkConverterTest.php" line="62" assertions="2" time="0.000667"/>
        <testcase name="test_new_tab_attributes" class="Bricks2Etch\Tests\Unit\Converters\TextLinkConverterTest" classname="Bricks2Etch.Tests.Unit.Converters.TextLinkConverterTest" file="/var/www/html/wp-content/plugins/etch-fusion-suite/tests/unit/Converters/TextLinkConverterTest.php" line="76" assertions="3" time="0.000482"/>
        <testcase name="test_no_new_tab_attributes" class="Bricks2Etch\Tests\Unit\Converters\TextLinkConverterTest" classname="Bricks2Etch.Tests.Unit.Converters.TextLinkConverterTest" file="/var/www/html/wp-content/plugins/etch-fusion-suite/tests/unit/Converters/TextLinkConverterTest.php" line="91" assertions="3" time="0.000519"/>
        <testcase name="test_css_class_inheritance" class="Bricks2Etch\Tests\Unit\Converters\TextLinkConverterTest" classname="Bricks2Etch.Tests.Unit.Converters.TextLinkConverterTest" file="/var/www/html/wp-content/plugins/etch-fusion-suite/tests/unit/Converters/TextLinkConverterTest.php" line="106" assertions="2" time="0.000482"/>
        <testcase name="test_flat_schema_structure" class="Bricks2Etch\Tests\Unit\Converters\TextLinkConverterTest" classname="Bricks2Etch.Tests.Unit.Converters.TextLinkConverterTest" file="/var/www/html/wp-content/plugins/etch-fusion-suite/tests/unit/Converters/TextLinkConverterTest.php" line="121" assertions="7" time="0.000520"/>
        <testcase name="test_empty_text_content" class="Bricks2Etch\Tests\Unit\Converters\TextLinkConverterTest" classname="Bricks2Etch.Tests.Unit.Converters.TextLinkConverterTest" file="/var/www/html/wp-content/plugins/etch-fusion-suite/tests/unit/Converters/TextLinkConverterTest.php" line="140" assertions="4" time="0.000695"/>
        <testcase name="test_default_url_fallback" class="Bricks2Etch\Tests\Unit\Converters\TextLinkConverterTest" classname="Bricks2Etch.Tests.Unit.Converters.TextLinkConverterTest" file="/var/www/html/wp-content/plugins/etch-fusion-suite/tests/unit/Converters/TextLinkConverterTest.php" line="155" assertions="2" time="0.000675"/>
        <testcase name="test_text_content_sanitization" class="Bricks2Etch\Tests\Unit\Converters\TextLinkConverterTest" classname="Bricks2Etch.Tests.Unit.Converters.TextLinkConverterTest" file="/var/www/html/wp-content/plugins/etch-fusion-suite/tests/unit/Converters/TextLinkConverterTest.php" line="168" assertions="3" time="0.000534"/>
      </testsuite>
      <testsuite name="Bricks2Etch\Tests\Unit\Converters\VideoConverterTest" file="/var/www/html/wp-content/plugins/etch-fusion-suite/tests/unit/Converters/VideoConverterTest.php" tests="14" assertions="67" errors="0" warnings="0" failures="0" skipped="0" time="0.027517">
        <testcase name="test_convert_youtube_video" class="Bricks2Etch\Tests\Unit\Converters\VideoConverterTest" classname="Bricks2Etch.Tests.Unit.Converters.VideoConverterTest" file="/var/www/html/wp-content/plugins/etch-fusion-suite/tests/unit/Converters/VideoConverterTest.php" line="38" assertions="9" time="0.019844"/>
        <testcase name="test_convert_vimeo_video" class="Bricks2Etch\Tests\Unit\Converters\VideoConverterTest" classname="Bricks2Etch.Tests.Unit.Converters.VideoConverterTest" file="/var/www/html/wp-content/plugins/etch-fusion-suite/tests/unit/Converters/VideoConverterTest.php" line="67" assertions="9" time="0.000785"/>
        <testcase name="test_convert_html5_video_from_media" class="Bricks2Etch\Tests\Unit\Converters\VideoConverterTest" classname="Bricks2Etch.Tests.Unit.Converters.VideoConverterTest" file="/var/www/html/wp-content/plugins/etch-fusion-suite/tests/unit/Converters/VideoConverterTest.php" line="96" assertions="6" time="0.000708"/>
        <testcase name="test_convert_html5_video_from_file" class="Bricks2Etch\Tests\Unit\Converters\VideoConverterTest" classname="Bricks2Etch.Tests.Unit.Converters.VideoConverterTest" file="/var/www/html/wp-content/plugins/etch-fusion-suite/tests/unit/Converters/VideoConverterTest.php" line="117" assertions="4" time="0.000502"/>
        <testcase name="test_video_attribute_mapping" class="Bricks2Etch\Tests\Unit\Converters\VideoConverterTest" classname="Bricks2Etch.Tests.Unit.Converters.VideoConverterTest" file="/var/www/html/wp-content/plugins/etch-fusion-suite/tests/unit/Converters/VideoConverterTest.php" line="136" assertions="5" time="0.000534"/>
        <testcase name="test_video_dimensions" class="Bricks2Etch\Tests\Unit\Converters\VideoConverterTest" classname="Bricks2Etch.Tests.Unit.Converters.VideoConverterTest" file="/var/www/html/wp-content/plugins/etch-fusion-suite/tests/unit/Converters/VideoConverterTest.php" line="160" assertions="2" time="0.000528"/>
        <testcase name="test_video_css_classes_and_styles" class="Bricks2Etch\Tests\Unit\Converters\VideoConverterTest" classname="Bricks2Etch.Tests.Unit.Converters.VideoConverterTest" file="/var/www/html/wp-content/plugins/etch-fusion-suite/tests/unit/Converters/VideoConverterTest.php" line="182" assertions="4" time="0.000525"/>
        <testcase name="test_html5_video_figure_structure" class="Bricks2Etch\Tests\Unit\Converters\VideoConverterTest" classname="Bricks2Etch.Tests.Unit.Converters.VideoConverterTest" file="/var/www/html/wp-content/plugins/etch-fusion-suite/tests/unit/Converters/VideoConverterTest.php" line="204" assertions="9" time="0.000635"/>
        <testcase name="test_html5_video_no_figcaption_when_empty" class="Bricks2Etch\Tests\Unit\Converters\VideoConverterTest" classname="Bricks2Etch.Tests.Unit.Converters.VideoConverterTest" file="/var/www/html/wp-content/plugins/etch-fusion-suite/tests/unit/Converters/VideoConverterTest.php" line="229" assertions="4" time="0.000553"/>
        <testcase name="test_html5_video_poster_and_playsinline" class="Bricks2Etch\Tests\Unit\Converters\VideoConverterTest" classname="Bricks2Etch.Tests.Unit.Converters.VideoConverterTest" file="/var/www/html/wp-content/plugins/etch-fusion-suite/tests/unit/Converters/VideoConverterTest.php" line="250" assertions="4" time="0.000565"/>
        <testcase name="test_video_mime_type_detection" class="Bricks2Etch\Tests\Unit\Converters\VideoConverterTest" classname="Bricks2Etch.Tests.Unit.Converters.VideoConverterTest" file="/var/www/html/wp-content/plugins/etch-fusion-suite/tests/unit/Converters/VideoConverterTest.php" line="270" assertions="2" time="0.000605"/>
        <testcase name="test_description_field_priority" class="Bricks2Etch\Tests\Unit\Converters\VideoConverterTest" classname="Bricks2Etch.Tests.Unit.Converters.VideoConverterTest" file="/var/www/html/wp-content/plugins/etch-fusion-suite/tests/unit/Converters/VideoConverterTest.php" line="291" assertions="3" time="0.000607"/>
        <testcase name="test_youtube_video_id_extraction" class="Bricks2Etch\Tests\Unit\Converters\VideoConverterTest" classname="Bricks2Etch.Tests.Unit.Converters.VideoConverterTest" file="/var/www/html/wp-content/plugins/etch-fusion-suite/tests/unit/Converters/VideoConverterTest.php" line="321" assertions="3" time="0.000579"/>
        <testcase name="test_vimeo_video_id_extraction" class="Bricks2Etch\Tests\Unit\Converters\VideoConverterTest" classname="Bricks2Etch.Tests.Unit.Converters.VideoConverterTest" file="/var/www/html/wp-content/plugins/etch-fusion-suite/tests/unit/Converters/VideoConverterTest.php" line="341" assertions="3" time="0.000548"/>
      </testsuite>
      <testsuite name="Bricks2Etch\Tests\Unit\LoggingEnhancementsTest" file="/var/www/html/wp-content/plugins/etch-fusion-suite/tests/unit/LoggingEnhancementsTest.php" tests="32" assertions="108" errors="0" warnings="0" failures="0" skipped="0" time="1.063558">
        <testcase name="test_post_type_stats_structure" class="Bricks2Etch\Tests\Unit\LoggingEnhancementsTest" classname="Bricks2Etch.Tests.Unit.LoggingEnhancementsTest" file="/var/www/html/wp-content/plugins/etch-fusion-suite/tests/unit/LoggingEnhancementsTest.php" line="51" assertions="7" time="0.000594"/>
        <testcase name="test_post_type_stats_with_multiple_types" class="Bricks2Etch\Tests\Unit\LoggingEnhancementsTest" classname="Bricks2Etch.Tests.Unit.LoggingEnhancementsTest" file="/var/www/html/wp-content/plugins/etch-fusion-suite/tests/unit/LoggingEnhancementsTest.php" line="75" assertions="7" time="0.000634"/>
        <testcase name="test_post_type_stats_increment_success" class="Bricks2Etch\Tests\Unit\LoggingEnhancementsTest" classname="Bricks2Etch.Tests.Unit.LoggingEnhancementsTest" file="/var/www/html/wp-content/plugins/etch-fusion-suite/tests/unit/LoggingEnhancementsTest.php" line="97" assertions="2" time="0.000523"/>
        <testcase name="test_post_type_stats_increment_failed" class="Bricks2Etch\Tests\Unit\LoggingEnhancementsTest" classname="Bricks2Etch.Tests.Unit.LoggingEnhancementsTest" file="/var/www/html/wp-content/plugins/etch-fusion-suite/tests/unit/LoggingEnhancementsTest.php" line="116" assertions="2" time="0.000472"/>
        <testcase name="test_post_type_stats_increment_skipped" class="Bricks2Etch\Tests\Unit\LoggingEnhancementsTest" classname="Bricks2Etch.Tests.Unit.LoggingEnhancementsTest" file="/var/www/html/wp-content/plugins/etch-fusion-suite/tests/unit/LoggingEnhancementsTest.php" line="133" assertions="1" time="0.000491"/>
        <testcase name="test_post_type_stats_time_calculation" class="Bricks2Etch\Tests\Unit\LoggingEnhancementsTest" classname="Bricks2Etch.Tests.Unit.LoggingEnhancementsTest" file="/var/www/html/wp-content/plugins/etch-fusion-suite/tests/unit/LoggingEnhancementsTest.php" line="150" assertions="4" time="1.046763"/>
        <testcase name="test_media_type_differentiation_image" class="Bricks2Etch\Tests\Unit\LoggingEnhancementsTest" classname="Bricks2Etch.Tests.Unit.LoggingEnhancementsTest" file="/var/www/html/wp-content/plugins/etch-fusion-suite/tests/unit/LoggingEnhancementsTest.php" line="173" assertions="5" time="0.000618"/>
        <testcase name="test_media_type_differentiation_video" class="Bricks2Etch\Tests\Unit\LoggingEnhancementsTest" classname="Bricks2Etch.Tests.Unit.LoggingEnhancementsTest" file="/var/www/html/wp-content/plugins/etch-fusion-suite/tests/unit/LoggingEnhancementsTest.php" line="193" assertions="5" time="0.000847"/>
        <testcase name="test_media_type_differentiation_audio" class="Bricks2Etch\Tests\Unit\LoggingEnhancementsTest" classname="Bricks2Etch.Tests.Unit.LoggingEnhancementsTest" file="/var/www/html/wp-content/plugins/etch-fusion-suite/tests/unit/LoggingEnhancementsTest.php" line="213" assertions="6" time="0.000721"/>
        <testcase name="test_media_type_differentiation_other" class="Bricks2Etch\Tests\Unit\LoggingEnhancementsTest" classname="Bricks2Etch.Tests.Unit.LoggingEnhancementsTest" file="/var/www/html/wp-content/plugins/etch-fusion-suite/tests/unit/LoggingEnhancementsTest.php" line="234" assertions="5" time="0.000534"/>
        <testcase name="test_media_type_stats_structure" class="Bricks2Etch\Tests\Unit\LoggingEnhancementsTest" classname="Bricks2Etch.Tests.Unit.LoggingEnhancementsTest" file="/var/www/html/wp-content/plugins/etch-fusion-suite/tests/unit/LoggingEnhancementsTest.php" line="255" assertions="5" time="0.000683"/>
        <testcase name="test_media_type_with_mixed_types" class="Bricks2Etch\Tests\Unit\LoggingEnhancementsTest" classname="Bricks2Etch.Tests.Unit.LoggingEnhancementsTest" file="/var/www/html/wp-content/plugins/etch-fusion-suite/tests/unit/LoggingEnhancementsTest.php" line="278" assertions="6" time="0.000502"/>
        <testcase name="test_media_type_handles_unknown_mime" class="Bricks2Etch\Tests\Unit\LoggingEnhancementsTest" classname="Bricks2Etch.Tests.Unit.LoggingEnhancementsTest" file="/var/www/html/wp-content/plugins/etch-fusion-suite/tests/unit/LoggingEnhancementsTest.php" line="302" assertions="5" time="0.000530"/>
        <testcase name="test_media_type_increment_success" class="Bricks2Etch\Tests\Unit\LoggingEnhancementsTest" classname="Bricks2Etch.Tests.Unit.LoggingEnhancementsTest" file="/var/www/html/wp-content/plugins/etch-fusion-suite/tests/unit/LoggingEnhancementsTest.php" line="320" assertions="1" time="0.000540"/>
        <testcase name="test_media_type_increment_failed" class="Bricks2Etch\Tests\Unit\LoggingEnhancementsTest" classname="Bricks2Etch.Tests.Unit.LoggingEnhancementsTest" file="/var/www/html/wp-content/plugins/etch-fusion-suite/tests/unit/LoggingEnhancementsTest.php" line="333" assertions="1" time="0.000530"/>
        <testcase name="test_legacy_format_still_works" class="Bricks2Etch\Tests\Unit\LoggingEnhancementsTest" classname="Bricks2Etch.Tests.Unit.LoggingEnhancementsTest" file="/var/www/html/wp-content/plugins/etch-fusion-suite/tests/unit/LoggingEnhancementsTest.php" line="354" assertions="4" time="0.000504"/>
        <testcase name="test_auto_normalization_of_legacy_format" class="Bricks2Etch\Tests\Unit\LoggingEnhancementsTest" classname="Bricks2Etch.Tests.Unit.LoggingEnhancementsTest" file="/var/www/html/wp-content/plugins/etch-fusion-suite/tests/unit/LoggingEnhancementsTest.php" line="373" assertions="2" time="0.000451"/>
        <testcase name="test_mixed_old_new_format_handling" class="Bricks2Etch\Tests\Unit\LoggingEnhancementsTest" classname="Bricks2Etch.Tests.Unit.LoggingEnhancementsTest" file="/var/www/html/wp-content/plugins/etch-fusion-suite/tests/unit/LoggingEnhancementsTest.php" line="392" assertions="4" time="0.000462"/>
        <testcase name="test_empty_migration_stats" class="Bricks2Etch\Tests\Unit\LoggingEnhancementsTest" classname="Bricks2Etch.Tests.Unit.LoggingEnhancementsTest" file="/var/www/html/wp-content/plugins/etch-fusion-suite/tests/unit/LoggingEnhancementsTest.php" line="419" assertions="2" time="0.000502"/>
        <testcase name="test_large_batch_stats" class="Bricks2Etch\Tests\Unit\LoggingEnhancementsTest" classname="Bricks2Etch.Tests.Unit.LoggingEnhancementsTest" file="/var/www/html/wp-content/plugins/etch-fusion-suite/tests/unit/LoggingEnhancementsTest.php" line="437" assertions="3" time="0.000546"/>
        <testcase name="test_all_items_failed" class="Bricks2Etch\Tests\Unit\LoggingEnhancementsTest" classname="Bricks2Etch.Tests.Unit.LoggingEnhancementsTest" file="/var/www/html/wp-content/plugins/etch-fusion-suite/tests/unit/LoggingEnhancementsTest.php" line="459" assertions="3" time="0.000486"/>
        <testcase name="test_all_items_skipped" class="Bricks2Etch\Tests\Unit\LoggingEnhancementsTest" classname="Bricks2Etch.Tests.Unit.LoggingEnhancementsTest" file="/var/www/html/wp-content/plugins/etch-fusion-suite/tests/unit/LoggingEnhancementsTest.php" line="475" assertions="3" time="0.000525"/>
        <testcase name="test_post_type_stats_lazy_initialization" class="Bricks2Etch\Tests\Unit\LoggingEnhancementsTest" classname="Bricks2Etch.Tests.Unit.LoggingEnhancementsTest" file="/var/www/html/wp-content/plugins/etch-fusion-suite/tests/unit/LoggingEnhancementsTest.php" line="491" assertions="2" time="0.000509"/>
        <testcase name="test_media_type_stats_lazy_initialization" class="Bricks2Etch\Tests\Unit\LoggingEnhancementsTest" classname="Bricks2Etch.Tests.Unit.LoggingEnhancementsTest" file="/var/www/html/wp-content/plugins/etch-fusion-suite/tests/unit/LoggingEnhancementsTest.php" line="513" assertions="2" time="0.000536"/>
        <testcase name="test_checkpoint_persistence_with_stats" class="Bricks2Etch\Tests\Unit\LoggingEnhancementsTest" classname="Bricks2Etch.Tests.Unit.LoggingEnhancementsTest" file="/var/www/html/wp-content/plugins/etch-fusion-suite/tests/unit/LoggingEnhancementsTest.php" line="536" assertions="2" time="0.000464"/>
        <testcase name="test_stats_with_single_item" class="Bricks2Etch\Tests\Unit\LoggingEnhancementsTest" classname="Bricks2Etch.Tests.Unit.LoggingEnhancementsTest" file="/var/www/html/wp-content/plugins/etch-fusion-suite/tests/unit/LoggingEnhancementsTest.php" line="559" assertions="1" time="0.000513"/>
        <testcase name="test_stats_with_null_mime_type" class="Bricks2Etch\Tests\Unit\LoggingEnhancementsTest" classname="Bricks2Etch.Tests.Unit.LoggingEnhancementsTest" file="/var/www/html/wp-content/plugins/etch-fusion-suite/tests/unit/LoggingEnhancementsTest.php" line="574" assertions="1" time="0.000582"/>
        <testcase name="test_building_stats_from_checkpoint" class="Bricks2Etch\Tests\Unit\LoggingEnhancementsTest" classname="Bricks2Etch.Tests.Unit.LoggingEnhancementsTest" file="/var/www/html/wp-content/plugins/etch-fusion-suite/tests/unit/LoggingEnhancementsTest.php" line="587" assertions="3" time="0.000463"/>
        <testcase name="test_media_stats_increment_and_accumulation" class="Bricks2Etch\Tests\Unit\LoggingEnhancementsTest" classname="Bricks2Etch.Tests.Unit.LoggingEnhancementsTest" file="/var/www/html/wp-content/plugins/etch-fusion-suite/tests/unit/LoggingEnhancementsTest.php" line="615" assertions="3" time="0.000446"/>
        <testcase name="test_post_type_stats_with_wp_post_types" class="Bricks2Etch\Tests\Unit\LoggingEnhancementsTest" classname="Bricks2Etch.Tests.Unit.LoggingEnhancementsTest" file="/var/www/html/wp-content/plugins/etch-fusion-suite/tests/unit/LoggingEnhancementsTest.php" line="644" assertions="4" time="0.000518"/>
        <testcase name="test_post_type_stats_with_custom_post_types" class="Bricks2Etch\Tests\Unit\LoggingEnhancementsTest" classname="Bricks2Etch.Tests.Unit.LoggingEnhancementsTest" file="/var/www/html/wp-content/plugins/etch-fusion-suite/tests/unit/LoggingEnhancementsTest.php" line="663" assertions="4" time="0.000538"/>
        <testcase name="test_complex_media_migration_scenario" class="Bricks2Etch\Tests\Unit\LoggingEnhancementsTest" classname="Bricks2Etch.Tests.Unit.LoggingEnhancementsTest" file="/var/www/html/wp-content/plugins/etch-fusion-suite/tests/unit/LoggingEnhancementsTest.php" line="684" assertions="3" time="0.000530"/>
      </testsuite>
      <testsuite name="Bricks2Etch\Tests\Unit\PermissionCallbacksTest" file="/var/www/html/wp-content/plugins/etch-fusion-suite/tests/unit/PermissionCallbacksTest.php" tests="16" assertions="23" errors="0" warnings="0" failures="0" skipped="0" time="0.037611">
        <testcase name="test_require_admin_permission_allows_admin" class="Bricks2Etch\Tests\Unit\PermissionCallbacksTest" classname="Bricks2Etch.Tests.Unit.PermissionCallbacksTest" file="/var/www/html/wp-content/plugins/etch-fusion-suite/tests/unit/PermissionCallbacksTest.php" line="55" assertions="1" time="0.001322"/>
        <testcase name="test_require_admin_permission_denies_editor" class="Bricks2Etch\Tests\Unit\PermissionCallbacksTest" classname="Bricks2Etch.Tests.Unit.PermissionCallbacksTest" file="/var/www/html/wp-content/plugins/etch-fusion-suite/tests/unit/PermissionCallbacksTest.php" line="68" assertions="2" time="0.001087"/>
        <testcase name="test_require_admin_permission_denies_anonymous" class="Bricks2Etch\Tests\Unit\PermissionCallbacksTest" classname="Bricks2Etch.Tests.Unit.PermissionCallbacksTest" file="/var/www/html/wp-content/plugins/etch-fusion-suite/tests/unit/PermissionCallbacksTest.php" line="82" assertions="2" time="0.000485"/>
        <testcase name="test_allow_public_request_allows_all" class="Bricks2Etch\Tests\Unit\PermissionCallbacksTest" classname="Bricks2Etch.Tests.Unit.PermissionCallbacksTest" file="/var/www/html/wp-content/plugins/etch-fusion-suite/tests/unit/PermissionCallbacksTest.php" line="94" assertions="1" time="0.000559"/>
        <testcase name="test_require_admin_with_cookie_fallback_allows_admin" class="Bricks2Etch\Tests\Unit\PermissionCallbacksTest" classname="Bricks2Etch.Tests.Unit.PermissionCallbacksTest" file="/var/www/html/wp-content/plugins/etch-fusion-suite/tests/unit/PermissionCallbacksTest.php" line="105" assertions="1" time="0.001001"/>
        <testcase name="test_require_admin_with_cookie_fallback_denies_non_admin" class="Bricks2Etch\Tests\Unit\PermissionCallbacksTest" classname="Bricks2Etch.Tests.Unit.PermissionCallbacksTest" file="/var/www/html/wp-content/plugins/etch-fusion-suite/tests/unit/PermissionCallbacksTest.php" line="118" assertions="2" time="0.001139"/>
        <testcase name="test_require_migration_token_permission_accepts_valid_token" class="Bricks2Etch\Tests\Unit\PermissionCallbacksTest" classname="Bricks2Etch.Tests.Unit.PermissionCallbacksTest" file="/var/www/html/wp-content/plugins/etch-fusion-suite/tests/unit/PermissionCallbacksTest.php" line="131" assertions="1" time="0.016771"/>
        <testcase name="test_require_migration_token_permission_rejects_invalid_token" class="Bricks2Etch\Tests\Unit\PermissionCallbacksTest" classname="Bricks2Etch.Tests.Unit.PermissionCallbacksTest" file="/var/www/html/wp-content/plugins/etch-fusion-suite/tests/unit/PermissionCallbacksTest.php" line="152" assertions="1" time="0.001472"/>
        <testcase name="test_require_migration_token_permission_rejects_missing_token" class="Bricks2Etch\Tests\Unit\PermissionCallbacksTest" classname="Bricks2Etch.Tests.Unit.PermissionCallbacksTest" file="/var/www/html/wp-content/plugins/etch-fusion-suite/tests/unit/PermissionCallbacksTest.php" line="165" assertions="2" time="0.000615"/>
        <testcase name="test_require_migration_token_permission_rejects_wrong_origin" class="Bricks2Etch\Tests\Unit\PermissionCallbacksTest" classname="Bricks2Etch.Tests.Unit.PermissionCallbacksTest" file="/var/www/html/wp-content/plugins/etch-fusion-suite/tests/unit/PermissionCallbacksTest.php" line="179" assertions="1" time="0.006261"/>
        <testcase name="test_require_admin_or_body_migration_token_permission_allows_admin" class="Bricks2Etch\Tests\Unit\PermissionCallbacksTest" classname="Bricks2Etch.Tests.Unit.PermissionCallbacksTest" file="/var/www/html/wp-content/plugins/etch-fusion-suite/tests/unit/PermissionCallbacksTest.php" line="203" assertions="1" time="0.001185"/>
        <testcase name="test_require_admin_or_body_migration_token_permission_denies_without_auth" class="Bricks2Etch\Tests\Unit\PermissionCallbacksTest" classname="Bricks2Etch.Tests.Unit.PermissionCallbacksTest" file="/var/www/html/wp-content/plugins/etch-fusion-suite/tests/unit/PermissionCallbacksTest.php" line="215" assertions="2" time="0.001080"/>
        <testcase name="test_require_valid_pairing_code_permission_accepts_valid_code" class="Bricks2Etch\Tests\Unit\PermissionCallbacksTest" classname="Bricks2Etch.Tests.Unit.PermissionCallbacksTest" file="/var/www/html/wp-content/plugins/etch-fusion-suite/tests/unit/PermissionCallbacksTest.php" line="228" assertions="1" time="0.002560"/>
        <testcase name="test_require_valid_pairing_code_permission_rejects_invalid_code" class="Bricks2Etch\Tests\Unit\PermissionCallbacksTest" classname="Bricks2Etch.Tests.Unit.PermissionCallbacksTest" file="/var/www/html/wp-content/plugins/etch-fusion-suite/tests/unit/PermissionCallbacksTest.php" line="248" assertions="2" time="0.001033"/>
        <testcase name="test_require_valid_pairing_code_permission_rejects_missing_code" class="Bricks2Etch\Tests\Unit\PermissionCallbacksTest" classname="Bricks2Etch.Tests.Unit.PermissionCallbacksTest" file="/var/www/html/wp-content/plugins/etch-fusion-suite/tests/unit/PermissionCallbacksTest.php" line="261" assertions="2" time="0.000511"/>
        <testcase name="test_allow_read_only_discovery_permission_allows_all" class="Bricks2Etch\Tests\Unit\PermissionCallbacksTest" classname="Bricks2Etch.Tests.Unit.PermissionCallbacksTest" file="/var/www/html/wp-content/plugins/etch-fusion-suite/tests/unit/PermissionCallbacksTest.php" line="274" assertions="1" time="0.000532"/>
      </testsuite>
      <testsuite name="Bricks2Etch\Tests\Unit\PhaseTimerTest" file="/var/www/html/wp-content/plugins/etch-fusion-suite/tests/unit/PhaseTimerTest.php" tests="14" assertions="75" errors="0" warnings="0" failures="0" skipped="0" time="14.029274">
        <testcase name="test_phase_timer_instantiation" class="Bricks2Etch\Tests\Unit\PhaseTimerTest" classname="Bricks2Etch.Tests.Unit.PhaseTimerTest" file="/var/www/html/wp-content/plugins/etch-fusion-suite/tests/unit/PhaseTimerTest.php" line="17" assertions="1" time="0.000570"/>
        <testcase name="test_start_and_end_single_phase" class="Bricks2Etch\Tests\Unit\PhaseTimerTest" classname="Bricks2Etch.Tests.Unit.PhaseTimerTest" file="/var/www/html/wp-content/plugins/etch-fusion-suite/tests/unit/PhaseTimerTest.php" line="25" assertions="6" time="1.001125"/>
        <testcase name="test_duration_calculation" class="Bricks2Etch\Tests\Unit\PhaseTimerTest" classname="Bricks2Etch.Tests.Unit.PhaseTimerTest" file="/var/www/html/wp-content/plugins/etch-fusion-suite/tests/unit/PhaseTimerTest.php" line="44" assertions="3" time="2.001961"/>
        <testcase name="test_timestamps_are_iso8601" class="Bricks2Etch\Tests\Unit\PhaseTimerTest" classname="Bricks2Etch.Tests.Unit.PhaseTimerTest" file="/var/www/html/wp-content/plugins/etch-fusion-suite/tests/unit/PhaseTimerTest.php" line="60" assertions="2" time="0.000691"/>
        <testcase name="test_multiple_phases" class="Bricks2Etch\Tests\Unit\PhaseTimerTest" classname="Bricks2Etch.Tests.Unit.PhaseTimerTest" file="/var/www/html/wp-content/plugins/etch-fusion-suite/tests/unit/PhaseTimerTest.php" line="82" assertions="4" time="3.004277"/>
        <testcase name="test_all_five_phases" class="Bricks2Etch\Tests\Unit\PhaseTimerTest" classname="Bricks2Etch.Tests.Unit.PhaseTimerTest" file="/var/www/html/wp-content/plugins/etch-fusion-suite/tests/unit/PhaseTimerTest.php" line="108" assertions="21" time="5.008246"/>
        <testcase name="test_auto_end_previous_phase" class="Bricks2Etch\Tests\Unit\PhaseTimerTest" classname="Bricks2Etch.Tests.Unit.PhaseTimerTest" file="/var/www/html/wp-content/plugins/etch-fusion-suite/tests/unit/PhaseTimerTest.php" line="133" assertions="2" time="1.002915"/>
        <testcase name="test_has_phase" class="Bricks2Etch\Tests\Unit\PhaseTimerTest" classname="Bricks2Etch.Tests.Unit.PhaseTimerTest" file="/var/www/html/wp-content/plugins/etch-fusion-suite/tests/unit/PhaseTimerTest.php" line="149" assertions="3" time="0.000944"/>
        <testcase name="test_add_phase_timing_to_run_data" class="Bricks2Etch\Tests\Unit\PhaseTimerTest" classname="Bricks2Etch.Tests.Unit.PhaseTimerTest" file="/var/www/html/wp-content/plugins/etch-fusion-suite/tests/unit/PhaseTimerTest.php" line="164" assertions="2" time="1.002388"/>
        <testcase name="test_get_timing_auto_ends_active_phase" class="Bricks2Etch\Tests\Unit\PhaseTimerTest" classname="Bricks2Etch.Tests.Unit.PhaseTimerTest" file="/var/www/html/wp-content/plugins/etch-fusion-suite/tests/unit/PhaseTimerTest.php" line="185" assertions="2" time="1.002856"/>
        <testcase name="test_end_phase_when_none_active" class="Bricks2Etch\Tests\Unit\PhaseTimerTest" classname="Bricks2Etch.Tests.Unit.PhaseTimerTest" file="/var/www/html/wp-content/plugins/etch-fusion-suite/tests/unit/PhaseTimerTest.php" line="201" assertions="1" time="0.000716"/>
        <testcase name="test_phase_data_structure" class="Bricks2Etch\Tests\Unit\PhaseTimerTest" classname="Bricks2Etch.Tests.Unit.PhaseTimerTest" file="/var/www/html/wp-content/plugins/etch-fusion-suite/tests/unit/PhaseTimerTest.php" line="214" assertions="3" time="0.000541"/>
        <testcase name="test_duration_is_non_negative" class="Bricks2Etch\Tests\Unit\PhaseTimerTest" classname="Bricks2Etch.Tests.Unit.PhaseTimerTest" file="/var/www/html/wp-content/plugins/etch-fusion-suite/tests/unit/PhaseTimerTest.php" line="231" assertions="2" time="0.000587"/>
        <testcase name="test_run_data_integration" class="Bricks2Etch\Tests\Unit\PhaseTimerTest" classname="Bricks2Etch.Tests.Unit.PhaseTimerTest" file="/var/www/html/wp-content/plugins/etch-fusion-suite/tests/unit/PhaseTimerTest.php" line="245" assertions="23" time="0.001457"/>
      </testsuite>
    </testsuite>
  </testsuite>
</testsuites>
