<?xml version="1.0" encoding="UTF-8"?>
<testsuites>
  <testsuite name="" tests="194" assertions="595" errors="0" warnings="0" failures="0" skipped="0" time="2.025470">
    <testsuite name="unit" tests="194" assertions="595" errors="0" warnings="0" failures="0" skipped="0" time="2.025470">
      <testsuite name="Bricks2Etch\Tests\Unit\CSS\BreakpointResolverTest" file="/var/www/html/wp-content/plugins/etch-fusion-suite/tests/unit/CSS/BreakpointResolverTest.php" tests="17" assertions="31" errors="0" warnings="0" failures="0" skipped="0" time="0.285873">
        <testcase name="test_default_map_contains_builtin_keys" class="Bricks2Etch\Tests\Unit\CSS\BreakpointResolverTest" classname="Bricks2Etch.Tests.Unit.CSS.BreakpointResolverTest" file="/var/www/html/wp-content/plugins/etch-fusion-suite/tests/unit/CSS/BreakpointResolverTest.php" line="47" assertions="5" time="0.100211"/>
        <testcase name="test_default_map_desktop_is_first" class="Bricks2Etch\Tests\Unit\CSS\BreakpointResolverTest" classname="Bricks2Etch.Tests.Unit.CSS.BreakpointResolverTest" file="/var/www/html/wp-content/plugins/etch-fusion-suite/tests/unit/CSS/BreakpointResolverTest.php" line="57" assertions="1" time="0.014316"/>
        <testcase name="test_default_desktop_is_min_type" class="Bricks2Etch\Tests\Unit\CSS\BreakpointResolverTest" classname="Bricks2Etch.Tests.Unit.CSS.BreakpointResolverTest" file="/var/www/html/wp-content/plugins/etch-fusion-suite/tests/unit/CSS/BreakpointResolverTest.php" line="64" assertions="1" time="0.007919"/>
        <testcase name="test_default_non_desktop_are_max_type" class="Bricks2Etch\Tests\Unit\CSS\BreakpointResolverTest" classname="Bricks2Etch.Tests.Unit.CSS.BreakpointResolverTest" file="/var/www/html/wp-content/plugins/etch-fusion-suite/tests/unit/CSS/BreakpointResolverTest.php" line="70" assertions="4" time="0.007418"/>
        <testcase name="test_breakpoint_map_is_cached" class="Bricks2Etch\Tests\Unit\CSS\BreakpointResolverTest" classname="Bricks2Etch.Tests.Unit.CSS.BreakpointResolverTest" file="/var/www/html/wp-content/plugins/etch-fusion-suite/tests/unit/CSS/BreakpointResolverTest.php" line="81" assertions="1" time="0.006891"/>
        <testcase name="test_clear_cache_allows_fresh_read" class="Bricks2Etch\Tests\Unit\CSS\BreakpointResolverTest" classname="Bricks2Etch.Tests.Unit.CSS.BreakpointResolverTest" file="/var/www/html/wp-content/plugins/etch-fusion-suite/tests/unit/CSS/BreakpointResolverTest.php" line="88" assertions="1" time="0.016749"/>
        <testcase name="test_etch_syntax_tablet_portrait_uses_to_rem" class="Bricks2Etch\Tests\Unit\CSS\BreakpointResolverTest" classname="Bricks2Etch.Tests.Unit.CSS.BreakpointResolverTest" file="/var/www/html/wp-content/plugins/etch-fusion-suite/tests/unit/CSS/BreakpointResolverTest.php" line="101" assertions="3" time="0.016308"/>
        <testcase name="test_plain_syntax_tablet_portrait_uses_max_width" class="Bricks2Etch\Tests\Unit\CSS\BreakpointResolverTest" classname="Bricks2Etch.Tests.Unit.CSS.BreakpointResolverTest" file="/var/www/html/wp-content/plugins/etch-fusion-suite/tests/unit/CSS/BreakpointResolverTest.php" line="109" assertions="3" time="0.028222"/>
        <testcase name="test_etch_syntax_desktop_uses_min_range" class="Bricks2Etch\Tests\Unit\CSS\BreakpointResolverTest" classname="Bricks2Etch.Tests.Unit.CSS.BreakpointResolverTest" file="/var/www/html/wp-content/plugins/etch-fusion-suite/tests/unit/CSS/BreakpointResolverTest.php" line="117" assertions="2" time="0.008042"/>
        <testcase name="test_get_media_query_for_known_breakpoint" class="Bricks2Etch\Tests\Unit\CSS\BreakpointResolverTest" classname="Bricks2Etch.Tests.Unit.CSS.BreakpointResolverTest" file="/var/www/html/wp-content/plugins/etch-fusion-suite/tests/unit/CSS/BreakpointResolverTest.php" line="128" assertions="3" time="0.021696"/>
        <testcase name="test_get_media_query_for_unknown_breakpoint_returns_false" class="Bricks2Etch\Tests\Unit\CSS\BreakpointResolverTest" classname="Bricks2Etch.Tests.Unit.CSS.BreakpointResolverTest" file="/var/www/html/wp-content/plugins/etch-fusion-suite/tests/unit/CSS/BreakpointResolverTest.php" line="136" assertions="1" time="0.016174"/>
        <testcase name="test_normalize_min_width_to_etch" class="Bricks2Etch\Tests\Unit\CSS\BreakpointResolverTest" classname="Bricks2Etch.Tests.Unit.CSS.BreakpointResolverTest" file="/var/www/html/wp-content/plugins/etch-fusion-suite/tests/unit/CSS/BreakpointResolverTest.php" line="146" assertions="1" time="0.007718"/>
        <testcase name="test_normalize_max_width_to_etch" class="Bricks2Etch\Tests\Unit\CSS\BreakpointResolverTest" classname="Bricks2Etch.Tests.Unit.CSS.BreakpointResolverTest" file="/var/www/html/wp-content/plugins/etch-fusion-suite/tests/unit/CSS/BreakpointResolverTest.php" line="152" assertions="1" time="0.006881"/>
        <testcase name="test_normalize_range_syntax_to_etch" class="Bricks2Etch\Tests\Unit\CSS\BreakpointResolverTest" classname="Bricks2Etch.Tests.Unit.CSS.BreakpointResolverTest" file="/var/www/html/wp-content/plugins/etch-fusion-suite/tests/unit/CSS/BreakpointResolverTest.php" line="158" assertions="1" time="0.006758"/>
        <testcase name="test_normalize_container_query_to_etch" class="Bricks2Etch\Tests\Unit\CSS\BreakpointResolverTest" classname="Bricks2Etch.Tests.Unit.CSS.BreakpointResolverTest" file="/var/www/html/wp-content/plugins/etch-fusion-suite/tests/unit/CSS/BreakpointResolverTest.php" line="164" assertions="1" time="0.006616"/>
        <testcase name="test_normalize_already_converted_unchanged" class="Bricks2Etch\Tests\Unit\CSS\BreakpointResolverTest" classname="Bricks2Etch.Tests.Unit.CSS.BreakpointResolverTest" file="/var/www/html/wp-content/plugins/etch-fusion-suite/tests/unit/CSS/BreakpointResolverTest.php" line="170" assertions="1" time="0.007289"/>
        <testcase name="test_normalize_non_px_units_unchanged" class="Bricks2Etch\Tests\Unit\CSS\BreakpointResolverTest" classname="Bricks2Etch.Tests.Unit.CSS.BreakpointResolverTest" file="/var/www/html/wp-content/plugins/etch-fusion-suite/tests/unit/CSS/BreakpointResolverTest.php" line="177" assertions="1" time="0.006663"/>
      </testsuite>
      <testsuite name="Bricks2Etch\Tests\Unit\CSS\CssNormalizerTest" file="/var/www/html/wp-content/plugins/etch-fusion-suite/tests/unit/CSS/CssNormalizerTest.php" tests="41" assertions="54" errors="0" warnings="0" failures="0" skipped="0" time="0.284776">
        <testcase name="test_normalize_grid_column_span_slash" class="Bricks2Etch\Tests\Unit\CSS\CssNormalizerTest" classname="Bricks2Etch.Tests.Unit.CSS.CssNormalizerTest" file="/var/www/html/wp-content/plugins/etch-fusion-suite/tests/unit/CSS/CssNormalizerTest.php" line="49" assertions="1" time="0.006762"/>
        <testcase name="test_normalize_grid_row_span_slash" class="Bricks2Etch\Tests\Unit\CSS\CssNormalizerTest" classname="Bricks2Etch.Tests.Unit.CSS.CssNormalizerTest" file="/var/www/html/wp-content/plugins/etch-fusion-suite/tests/unit/CSS/CssNormalizerTest.php" line="56" assertions="1" time="0.006269"/>
        <testcase name="test_normalize_grid_valid_span_only_unchanged" class="Bricks2Etch\Tests\Unit\CSS\CssNormalizerTest" classname="Bricks2Etch.Tests.Unit.CSS.CssNormalizerTest" file="/var/www/html/wp-content/plugins/etch-fusion-suite/tests/unit/CSS/CssNormalizerTest.php" line="63" assertions="1" time="0.007199"/>
        <testcase name="test_normalize_grid_valid_line_based_unchanged" class="Bricks2Etch\Tests\Unit\CSS\CssNormalizerTest" classname="Bricks2Etch.Tests.Unit.CSS.CssNormalizerTest" file="/var/www/html/wp-content/plugins/etch-fusion-suite/tests/unit/CSS/CssNormalizerTest.php" line="69" assertions="1" time="0.006529"/>
        <testcase name="test_normalize_grid_no_grid_props_unchanged" class="Bricks2Etch\Tests\Unit\CSS\CssNormalizerTest" classname="Bricks2Etch.Tests.Unit.CSS.CssNormalizerTest" file="/var/www/html/wp-content/plugins/etch-fusion-suite/tests/unit/CSS/CssNormalizerTest.php" line="75" assertions="1" time="0.006595"/>
        <testcase name="test_normalize_grid_span_slash_positive_line" class="Bricks2Etch\Tests\Unit\CSS\CssNormalizerTest" classname="Bricks2Etch.Tests.Unit.CSS.CssNormalizerTest" file="/var/www/html/wp-content/plugins/etch-fusion-suite/tests/unit/CSS/CssNormalizerTest.php" line="81" assertions="1" time="0.006959"/>
        <testcase name="test_normalize_grid_line_slash_span_unchanged" class="Bricks2Etch\Tests\Unit\CSS\CssNormalizerTest" classname="Bricks2Etch.Tests.Unit.CSS.CssNormalizerTest" file="/var/www/html/wp-content/plugins/etch-fusion-suite/tests/unit/CSS/CssNormalizerTest.php" line="88" assertions="1" time="0.006975"/>
        <testcase name="test_normalize_hsl_with_decimal_alpha" class="Bricks2Etch\Tests\Unit\CSS\CssNormalizerTest" classname="Bricks2Etch.Tests.Unit.CSS.CssNormalizerTest" file="/var/www/html/wp-content/plugins/etch-fusion-suite/tests/unit/CSS/CssNormalizerTest.php" line="98" assertions="1" time="0.007431"/>
        <testcase name="test_normalize_hsl_without_alpha" class="Bricks2Etch\Tests\Unit\CSS\CssNormalizerTest" classname="Bricks2Etch.Tests.Unit.CSS.CssNormalizerTest" file="/var/www/html/wp-content/plugins/etch-fusion-suite/tests/unit/CSS/CssNormalizerTest.php" line="105" assertions="2" time="0.007324"/>
        <testcase name="test_normalize_bare_hsl_var" class="Bricks2Etch\Tests\Unit\CSS\CssNormalizerTest" classname="Bricks2Etch.Tests.Unit.CSS.CssNormalizerTest" file="/var/www/html/wp-content/plugins/etch-fusion-suite/tests/unit/CSS/CssNormalizerTest.php" line="113" assertions="2" time="0.007780"/>
        <testcase name="test_normalize_hsl_no_hsl_unchanged" class="Bricks2Etch\Tests\Unit\CSS\CssNormalizerTest" classname="Bricks2Etch.Tests.Unit.CSS.CssNormalizerTest" file="/var/www/html/wp-content/plugins/etch-fusion-suite/tests/unit/CSS/CssNormalizerTest.php" line="121" assertions="1" time="0.007018"/>
        <testcase name="test_alpha_decimal_to_percentage" class="Bricks2Etch\Tests\Unit\CSS\CssNormalizerTest" classname="Bricks2Etch.Tests.Unit.CSS.CssNormalizerTest" file="/var/www/html/wp-content/plugins/etch-fusion-suite/tests/unit/CSS/CssNormalizerTest.php" line="131" assertions="1" time="0.006827"/>
        <testcase name="test_alpha_one_to_hundred_percent" class="Bricks2Etch\Tests\Unit\CSS\CssNormalizerTest" classname="Bricks2Etch.Tests.Unit.CSS.CssNormalizerTest" file="/var/www/html/wp-content/plugins/etch-fusion-suite/tests/unit/CSS/CssNormalizerTest.php" line="136" assertions="1" time="0.006447"/>
        <testcase name="test_alpha_empty_is_fully_opaque" class="Bricks2Etch\Tests\Unit\CSS\CssNormalizerTest" classname="Bricks2Etch.Tests.Unit.CSS.CssNormalizerTest" file="/var/www/html/wp-content/plugins/etch-fusion-suite/tests/unit/CSS/CssNormalizerTest.php" line="141" assertions="1" time="0.006829"/>
        <testcase name="test_alpha_already_percentage_unchanged" class="Bricks2Etch\Tests\Unit\CSS\CssNormalizerTest" classname="Bricks2Etch.Tests.Unit.CSS.CssNormalizerTest" file="/var/www/html/wp-content/plugins/etch-fusion-suite/tests/unit/CSS/CssNormalizerTest.php" line="146" assertions="1" time="0.007231"/>
        <testcase name="test_alpha_expression_wrapped_in_calc" class="Bricks2Etch\Tests\Unit\CSS\CssNormalizerTest" classname="Bricks2Etch.Tests.Unit.CSS.CssNormalizerTest" file="/var/www/html/wp-content/plugins/etch-fusion-suite/tests/unit/CSS/CssNormalizerTest.php" line="151" assertions="2" time="0.006779"/>
        <testcase name="test_logical_margin_top" class="Bricks2Etch\Tests\Unit\CSS\CssNormalizerTest" classname="Bricks2Etch.Tests.Unit.CSS.CssNormalizerTest" file="/var/www/html/wp-content/plugins/etch-fusion-suite/tests/unit/CSS/CssNormalizerTest.php" line="162" assertions="2" time="0.007234"/>
        <testcase name="test_logical_width" class="Bricks2Etch\Tests\Unit\CSS\CssNormalizerTest" classname="Bricks2Etch.Tests.Unit.CSS.CssNormalizerTest" file="/var/www/html/wp-content/plugins/etch-fusion-suite/tests/unit/CSS/CssNormalizerTest.php" line="170" assertions="2" time="0.006672"/>
        <testcase name="test_logical_width_in_media_query_unchanged" class="Bricks2Etch\Tests\Unit\CSS\CssNormalizerTest" classname="Bricks2Etch.Tests.Unit.CSS.CssNormalizerTest" file="/var/www/html/wp-content/plugins/etch-fusion-suite/tests/unit/CSS/CssNormalizerTest.php" line="178" assertions="1" time="0.007512"/>
        <testcase name="test_logical_custom_properties_unchanged" class="Bricks2Etch\Tests\Unit\CSS\CssNormalizerTest" classname="Bricks2Etch.Tests.Unit.CSS.CssNormalizerTest" file="/var/www/html/wp-content/plugins/etch-fusion-suite/tests/unit/CSS/CssNormalizerTest.php" line="185" assertions="1" time="0.006773"/>
        <testcase name="test_bricks_id_selector_renamed" class="Bricks2Etch\Tests\Unit\CSS\CssNormalizerTest" classname="Bricks2Etch.Tests.Unit.CSS.CssNormalizerTest" file="/var/www/html/wp-content/plugins/etch-fusion-suite/tests/unit/CSS/CssNormalizerTest.php" line="197" assertions="2" time="0.007059"/>
        <testcase name="test_bricks_id_selector_legacy_without_e" class="Bricks2Etch\Tests\Unit\CSS\CssNormalizerTest" classname="Bricks2Etch.Tests.Unit.CSS.CssNormalizerTest" file="/var/www/html/wp-content/plugins/etch-fusion-suite/tests/unit/CSS/CssNormalizerTest.php" line="205" assertions="2" time="0.006995"/>
        <testcase name="test_multiple_bricks_id_selectors_renamed" class="Bricks2Etch\Tests\Unit\CSS\CssNormalizerTest" classname="Bricks2Etch.Tests.Unit.CSS.CssNormalizerTest" file="/var/www/html/wp-content/plugins/etch-fusion-suite/tests/unit/CSS/CssNormalizerTest.php" line="213" assertions="2" time="0.007402"/>
        <testcase name="test_bricks_id_selector_empty_string" class="Bricks2Etch\Tests\Unit\CSS\CssNormalizerTest" classname="Bricks2Etch.Tests.Unit.CSS.CssNormalizerTest" file="/var/www/html/wp-content/plugins/etch-fusion-suite/tests/unit/CSS/CssNormalizerTest.php" line="221" assertions="1" time="0.006799"/>
        <testcase name="test_bricks_id_selector_mixed_formats" class="Bricks2Etch\Tests\Unit\CSS\CssNormalizerTest" classname="Bricks2Etch.Tests.Unit.CSS.CssNormalizerTest" file="/var/www/html/wp-content/plugins/etch-fusion-suite/tests/unit/CSS/CssNormalizerTest.php" line="226" assertions="5" time="0.006696"/>
        <testcase name="test_bricks_id_selector_with_special_chars" class="Bricks2Etch\Tests\Unit\CSS\CssNormalizerTest" classname="Bricks2Etch.Tests.Unit.CSS.CssNormalizerTest" file="/var/www/html/wp-content/plugins/etch-fusion-suite/tests/unit/CSS/CssNormalizerTest.php" line="237" assertions="1" time="0.006819"/>
        <testcase name="test_quad_shorthand_all_equal" class="Bricks2Etch\Tests\Unit\CSS\CssNormalizerTest" classname="Bricks2Etch.Tests.Unit.CSS.CssNormalizerTest" file="/var/www/html/wp-content/plugins/etch-fusion-suite/tests/unit/CSS/CssNormalizerTest.php" line="248" assertions="1" time="0.007071"/>
        <testcase name="test_quad_shorthand_two_values" class="Bricks2Etch\Tests\Unit\CSS\CssNormalizerTest" classname="Bricks2Etch.Tests.Unit.CSS.CssNormalizerTest" file="/var/www/html/wp-content/plugins/etch-fusion-suite/tests/unit/CSS/CssNormalizerTest.php" line="254" assertions="1" time="0.006524"/>
        <testcase name="test_quad_shorthand_three_values" class="Bricks2Etch\Tests\Unit\CSS\CssNormalizerTest" classname="Bricks2Etch.Tests.Unit.CSS.CssNormalizerTest" file="/var/www/html/wp-content/plugins/etch-fusion-suite/tests/unit/CSS/CssNormalizerTest.php" line="260" assertions="1" time="0.006276"/>
        <testcase name="test_quad_shorthand_four_values" class="Bricks2Etch\Tests\Unit\CSS\CssNormalizerTest" classname="Bricks2Etch.Tests.Unit.CSS.CssNormalizerTest" file="/var/www/html/wp-content/plugins/etch-fusion-suite/tests/unit/CSS/CssNormalizerTest.php" line="266" assertions="1" time="0.006892"/>
        <testcase name="test_border_width_integer_gets_px" class="Bricks2Etch\Tests\Unit\CSS\CssNormalizerTest" classname="Bricks2Etch.Tests.Unit.CSS.CssNormalizerTest" file="/var/www/html/wp-content/plugins/etch-fusion-suite/tests/unit/CSS/CssNormalizerTest.php" line="276" assertions="1" time="0.006989"/>
        <testcase name="test_border_width_zero_no_unit" class="Bricks2Etch\Tests\Unit\CSS\CssNormalizerTest" classname="Bricks2Etch.Tests.Unit.CSS.CssNormalizerTest" file="/var/www/html/wp-content/plugins/etch-fusion-suite/tests/unit/CSS/CssNormalizerTest.php" line="281" assertions="1" time="0.006948"/>
        <testcase name="test_border_width_with_unit_unchanged" class="Bricks2Etch\Tests\Unit\CSS\CssNormalizerTest" classname="Bricks2Etch.Tests.Unit.CSS.CssNormalizerTest" file="/var/www/html/wp-content/plugins/etch-fusion-suite/tests/unit/CSS/CssNormalizerTest.php" line="286" assertions="1" time="0.006749"/>
        <testcase name="test_border_width_keyword_unchanged" class="Bricks2Etch\Tests\Unit\CSS\CssNormalizerTest" classname="Bricks2Etch.Tests.Unit.CSS.CssNormalizerTest" file="/var/www/html/wp-content/plugins/etch-fusion-suite/tests/unit/CSS/CssNormalizerTest.php" line="291" assertions="1" time="0.006788"/>
        <testcase name="test_gradient_stop_unitless_gets_percent" class="Bricks2Etch\Tests\Unit\CSS\CssNormalizerTest" classname="Bricks2Etch.Tests.Unit.CSS.CssNormalizerTest" file="/var/www/html/wp-content/plugins/etch-fusion-suite/tests/unit/CSS/CssNormalizerTest.php" line="300" assertions="1" time="0.007289"/>
        <testcase name="test_gradient_stop_with_percent_unchanged" class="Bricks2Etch\Tests\Unit\CSS\CssNormalizerTest" classname="Bricks2Etch.Tests.Unit.CSS.CssNormalizerTest" file="/var/www/html/wp-content/plugins/etch-fusion-suite/tests/unit/CSS/CssNormalizerTest.php" line="305" assertions="1" time="0.007125"/>
        <testcase name="test_gradient_stop_empty_returns_empty" class="Bricks2Etch\Tests\Unit\CSS\CssNormalizerTest" classname="Bricks2Etch.Tests.Unit.CSS.CssNormalizerTest" file="/var/www/html/wp-content/plugins/etch-fusion-suite/tests/unit/CSS/CssNormalizerTest.php" line="310" assertions="1" time="0.007280"/>
        <testcase name="test_content_property_plain_string_quoted" class="Bricks2Etch\Tests\Unit\CSS\CssNormalizerTest" classname="Bricks2Etch.Tests.Unit.CSS.CssNormalizerTest" file="/var/www/html/wp-content/plugins/etch-fusion-suite/tests/unit/CSS/CssNormalizerTest.php" line="319" assertions="1" time="0.006954"/>
        <testcase name="test_content_property_already_quoted_unchanged" class="Bricks2Etch\Tests\Unit\CSS\CssNormalizerTest" classname="Bricks2Etch.Tests.Unit.CSS.CssNormalizerTest" file="/var/www/html/wp-content/plugins/etch-fusion-suite/tests/unit/CSS/CssNormalizerTest.php" line="325" assertions="1" time="0.007401"/>
        <testcase name="test_content_property_keyword_lowercased" class="Bricks2Etch\Tests\Unit\CSS\CssNormalizerTest" classname="Bricks2Etch.Tests.Unit.CSS.CssNormalizerTest" file="/var/www/html/wp-content/plugins/etch-fusion-suite/tests/unit/CSS/CssNormalizerTest.php" line="330" assertions="2" time="0.006607"/>
        <testcase name="test_content_property_attr_function_unchanged" class="Bricks2Etch\Tests\Unit\CSS\CssNormalizerTest" classname="Bricks2Etch.Tests.Unit.CSS.CssNormalizerTest" file="/var/www/html/wp-content/plugins/etch-fusion-suite/tests/unit/CSS/CssNormalizerTest.php" line="336" assertions="1" time="0.006967"/>
      </testsuite>
      <testsuite name="Bricks2Etch\Tests\Unit\ComponentMigratorTest" file="/var/www/html/wp-content/plugins/etch-fusion-suite/tests/unit/ComponentMigratorTest.php" tests="11" assertions="29" errors="0" warnings="0" failures="0" skipped="0" time="0.148216">
        <testcase name="test_supports_returns_true_when_components_exist" class="Bricks2Etch\Tests\Unit\ComponentMigratorTest" classname="Bricks2Etch.Tests.Unit.ComponentMigratorTest" file="/var/www/html/wp-content/plugins/etch-fusion-suite/tests/unit/ComponentMigratorTest.php" line="37" assertions="1" time="0.013803"/>
        <testcase name="test_supports_returns_false_when_no_components" class="Bricks2Etch\Tests\Unit\ComponentMigratorTest" classname="Bricks2Etch.Tests.Unit.ComponentMigratorTest" file="/var/www/html/wp-content/plugins/etch-fusion-suite/tests/unit/ComponentMigratorTest.php" line="42" assertions="1" time="0.008299"/>
        <testcase name="test_validate_returns_valid_for_correct_structure" class="Bricks2Etch\Tests\Unit\ComponentMigratorTest" classname="Bricks2Etch.Tests.Unit.ComponentMigratorTest" file="/var/www/html/wp-content/plugins/etch-fusion-suite/tests/unit/ComponentMigratorTest.php" line="47" assertions="5" time="0.017382"/>
        <testcase name="test_validate_detects_missing_required_fields" class="Bricks2Etch\Tests\Unit\ComponentMigratorTest" classname="Bricks2Etch.Tests.Unit.ComponentMigratorTest" file="/var/www/html/wp-content/plugins/etch-fusion-suite/tests/unit/ComponentMigratorTest.php" line="63" assertions="2" time="0.016847"/>
        <testcase name="test_convert_properties_maps_types_correctly" class="Bricks2Etch\Tests\Unit\ComponentMigratorTest" classname="Bricks2Etch.Tests.Unit.ComponentMigratorTest" file="/var/www/html/wp-content/plugins/etch-fusion-suite/tests/unit/ComponentMigratorTest.php" line="73" assertions="3" time="0.007390"/>
        <testcase name="test_convert_slot_element_generates_correct_block" class="Bricks2Etch\Tests\Unit\ComponentMigratorTest" classname="Bricks2Etch.Tests.Unit.ComponentMigratorTest" file="/var/www/html/wp-content/plugins/etch-fusion-suite/tests/unit/ComponentMigratorTest.php" line="85" assertions="4" time="0.007073"/>
        <testcase name="test_is_slot_element" class="Bricks2Etch\Tests\Unit\ComponentMigratorTest" classname="Bricks2Etch.Tests.Unit.ComponentMigratorTest" file="/var/www/html/wp-content/plugins/etch-fusion-suite/tests/unit/ComponentMigratorTest.php" line="94" assertions="2" time="0.006834"/>
        <testcase name="test_component_mapping_stored_correctly" class="Bricks2Etch\Tests\Unit\ComponentMigratorTest" classname="Bricks2Etch.Tests.Unit.ComponentMigratorTest" file="/var/www/html/wp-content/plugins/etch-fusion-suite/tests/unit/ComponentMigratorTest.php" line="99" assertions="3" time="0.013877"/>
        <testcase name="test_import_returns_wp_error" class="Bricks2Etch\Tests\Unit\ComponentMigratorTest" classname="Bricks2Etch.Tests.Unit.ComponentMigratorTest" file="/var/www/html/wp-content/plugins/etch-fusion-suite/tests/unit/ComponentMigratorTest.php" line="107" assertions="1" time="0.014163"/>
        <testcase name="test_get_stats" class="Bricks2Etch\Tests\Unit\ComponentMigratorTest" classname="Bricks2Etch.Tests.Unit.ComponentMigratorTest" file="/var/www/html/wp-content/plugins/etch-fusion-suite/tests/unit/ComponentMigratorTest.php" line="112" assertions="3" time="0.008561"/>
        <testcase name="test_property_connection_mapping_applied_to_block_attributes" class="Bricks2Etch\Tests\Unit\ComponentMigratorTest" classname="Bricks2Etch.Tests.Unit.ComponentMigratorTest" file="/var/www/html/wp-content/plugins/etch-fusion-suite/tests/unit/ComponentMigratorTest.php" line="123" assertions="4" time="0.033988"/>
      </testsuite>
      <testsuite name="Bricks2Etch\Tests\Unit\Converters\ButtonConverterTest" file="/var/www/html/wp-content/plugins/etch-fusion-suite/tests/unit/Converters/ButtonConverterTest.php" tests="16" assertions="46" errors="0" warnings="0" failures="0" skipped="0" time="0.135043">
        <testcase name="test_convert_basic_button" class="Bricks2Etch\Tests\Unit\Converters\ButtonConverterTest" classname="Bricks2Etch.Tests.Unit.Converters.ButtonConverterTest" file="/var/www/html/wp-content/plugins/etch-fusion-suite/tests/unit/Converters/ButtonConverterTest.php" line="30" assertions="6" time="0.023501"/>
        <testcase name="test_button_style_mapping_primary" class="Bricks2Etch\Tests\Unit\Converters\ButtonConverterTest" classname="Bricks2Etch.Tests.Unit.Converters.ButtonConverterTest" file="/var/www/html/wp-content/plugins/etch-fusion-suite/tests/unit/Converters/ButtonConverterTest.php" line="49" assertions="2" time="0.007450"/>
        <testcase name="test_button_style_mapping_secondary" class="Bricks2Etch\Tests\Unit\Converters\ButtonConverterTest" classname="Bricks2Etch.Tests.Unit.Converters.ButtonConverterTest" file="/var/www/html/wp-content/plugins/etch-fusion-suite/tests/unit/Converters/ButtonConverterTest.php" line="64" assertions="2" time="0.006607"/>
        <testcase name="test_button_style_mapping_outline" class="Bricks2Etch\Tests\Unit\Converters\ButtonConverterTest" classname="Bricks2Etch.Tests.Unit.Converters.ButtonConverterTest" file="/var/www/html/wp-content/plugins/etch-fusion-suite/tests/unit/Converters/ButtonConverterTest.php" line="79" assertions="2" time="0.006982"/>
        <testcase name="test_button_style_mapping_text" class="Bricks2Etch\Tests\Unit\Converters\ButtonConverterTest" classname="Bricks2Etch.Tests.Unit.Converters.ButtonConverterTest" file="/var/www/html/wp-content/plugins/etch-fusion-suite/tests/unit/Converters/ButtonConverterTest.php" line="94" assertions="2" time="0.006767"/>
        <testcase name="test_button_default_style_primary" class="Bricks2Etch\Tests\Unit\Converters\ButtonConverterTest" classname="Bricks2Etch.Tests.Unit.Converters.ButtonConverterTest" file="/var/www/html/wp-content/plugins/etch-fusion-suite/tests/unit/Converters/ButtonConverterTest.php" line="109" assertions="2" time="0.007541"/>
        <testcase name="test_button_link_url_extraction_from_array" class="Bricks2Etch\Tests\Unit\Converters\ButtonConverterTest" classname="Bricks2Etch.Tests.Unit.Converters.ButtonConverterTest" file="/var/www/html/wp-content/plugins/etch-fusion-suite/tests/unit/Converters/ButtonConverterTest.php" line="123" assertions="2" time="0.007928"/>
        <testcase name="test_button_link_url_extraction_from_string" class="Bricks2Etch\Tests\Unit\Converters\ButtonConverterTest" classname="Bricks2Etch.Tests.Unit.Converters.ButtonConverterTest" file="/var/www/html/wp-content/plugins/etch-fusion-suite/tests/unit/Converters/ButtonConverterTest.php" line="137" assertions="2" time="0.007790"/>
        <testcase name="test_button_new_tab_attributes" class="Bricks2Etch\Tests\Unit\Converters\ButtonConverterTest" classname="Bricks2Etch.Tests.Unit.Converters.ButtonConverterTest" file="/var/www/html/wp-content/plugins/etch-fusion-suite/tests/unit/Converters/ButtonConverterTest.php" line="151" assertions="3" time="0.007159"/>
        <testcase name="test_button_no_new_tab_attributes" class="Bricks2Etch\Tests\Unit\Converters\ButtonConverterTest" classname="Bricks2Etch.Tests.Unit.Converters.ButtonConverterTest" file="/var/www/html/wp-content/plugins/etch-fusion-suite/tests/unit/Converters/ButtonConverterTest.php" line="166" assertions="3" time="0.007361"/>
        <testcase name="test_button_default_url_fallback" class="Bricks2Etch\Tests\Unit\Converters\ButtonConverterTest" classname="Bricks2Etch.Tests.Unit.Converters.ButtonConverterTest" file="/var/www/html/wp-content/plugins/etch-fusion-suite/tests/unit/Converters/ButtonConverterTest.php" line="181" assertions="2" time="0.007916"/>
        <testcase name="test_button_text_content_sanitization" class="Bricks2Etch\Tests\Unit\Converters\ButtonConverterTest" classname="Bricks2Etch.Tests.Unit.Converters.ButtonConverterTest" file="/var/www/html/wp-content/plugins/etch-fusion-suite/tests/unit/Converters/ButtonConverterTest.php" line="194" assertions="3" time="0.007435"/>
        <testcase name="test_button_css_class_inheritance" class="Bricks2Etch\Tests\Unit\Converters\ButtonConverterTest" classname="Bricks2Etch.Tests.Unit.Converters.ButtonConverterTest" file="/var/www/html/wp-content/plugins/etch-fusion-suite/tests/unit/Converters/ButtonConverterTest.php" line="209" assertions="2" time="0.008210"/>
        <testcase name="test_button_flat_schema_structure" class="Bricks2Etch\Tests\Unit\Converters\ButtonConverterTest" classname="Bricks2Etch.Tests.Unit.Converters.ButtonConverterTest" file="/var/www/html/wp-content/plugins/etch-fusion-suite/tests/unit/Converters/ButtonConverterTest.php" line="224" assertions="7" time="0.007587"/>
        <testcase name="test_button_empty_text_content" class="Bricks2Etch\Tests\Unit\Converters\ButtonConverterTest" classname="Bricks2Etch.Tests.Unit.Converters.ButtonConverterTest" file="/var/www/html/wp-content/plugins/etch-fusion-suite/tests/unit/Converters/ButtonConverterTest.php" line="243" assertions="4" time="0.007203"/>
        <testcase name="test_button_style_class_prefix_detection" class="Bricks2Etch\Tests\Unit\Converters\ButtonConverterTest" classname="Bricks2Etch.Tests.Unit.Converters.ButtonConverterTest" file="/var/www/html/wp-content/plugins/etch-fusion-suite/tests/unit/Converters/ButtonConverterTest.php" line="258" assertions="2" time="0.007605"/>
      </testsuite>
      <testsuite name="Bricks2Etch\Tests\Unit\Converters\CodeConverterTest" file="/var/www/html/wp-content/plugins/etch-fusion-suite/tests/unit/Converters/CodeConverterTest.php" tests="20" assertions="45" errors="0" warnings="0" failures="0" skipped="0" time="0.168935">
        <testcase name="test_convert_code_with_execute_true" class="Bricks2Etch\Tests\Unit\Converters\CodeConverterTest" classname="Bricks2Etch.Tests.Unit.Converters.CodeConverterTest" file="/var/www/html/wp-content/plugins/etch-fusion-suite/tests/unit/Converters/CodeConverterTest.php" line="22" assertions="3" time="0.025486"/>
        <testcase name="test_convert_code_with_execute_false" class="Bricks2Etch\Tests\Unit\Converters\CodeConverterTest" classname="Bricks2Etch.Tests.Unit.Converters.CodeConverterTest" file="/var/www/html/wp-content/plugins/etch-fusion-suite/tests/unit/Converters/CodeConverterTest.php" line="37" assertions="2" time="0.007700"/>
        <testcase name="test_raw_html_block_structure" class="Bricks2Etch\Tests\Unit\Converters\CodeConverterTest" classname="Bricks2Etch.Tests.Unit.Converters.CodeConverterTest" file="/var/www/html/wp-content/plugins/etch-fusion-suite/tests/unit/Converters/CodeConverterTest.php" line="51" assertions="3" time="0.007322"/>
        <testcase name="test_code_content_extraction" class="Bricks2Etch\Tests\Unit\Converters\CodeConverterTest" classname="Bricks2Etch.Tests.Unit.Converters.CodeConverterTest" file="/var/www/html/wp-content/plugins/etch-fusion-suite/tests/unit/Converters/CodeConverterTest.php" line="63" assertions="1" time="0.007069"/>
        <testcase name="test_php_code_generates_warning_block" class="Bricks2Etch\Tests\Unit\Converters\CodeConverterTest" classname="Bricks2Etch.Tests.Unit.Converters.CodeConverterTest" file="/var/www/html/wp-content/plugins/etch-fusion-suite/tests/unit/Converters/CodeConverterTest.php" line="77" assertions="5" time="0.008958"/>
        <testcase name="test_php_short_open_tag_detected" class="Bricks2Etch\Tests\Unit\Converters\CodeConverterTest" classname="Bricks2Etch.Tests.Unit.Converters.CodeConverterTest" file="/var/www/html/wp-content/plugins/etch-fusion-suite/tests/unit/Converters/CodeConverterTest.php" line="94" assertions="1" time="0.008855"/>
        <testcase name="test_php_code_is_html_escaped_in_warning" class="Bricks2Etch\Tests\Unit\Converters\CodeConverterTest" classname="Bricks2Etch.Tests.Unit.Converters.CodeConverterTest" file="/var/www/html/wp-content/plugins/etch-fusion-suite/tests/unit/Converters/CodeConverterTest.php" line="106" assertions="2" time="0.008691"/>
        <testcase name="test_javascript_field_produces_etch_element_with_base64" class="Bricks2Etch\Tests\Unit\Converters\CodeConverterTest" classname="Bricks2Etch.Tests.Unit.Converters.CodeConverterTest" file="/var/www/html/wp-content/plugins/etch-fusion-suite/tests/unit/Converters/CodeConverterTest.php" line="122" assertions="3" time="0.007360"/>
        <testcase name="test_script_tag_in_html_field_extracted_to_etch_element" class="Bricks2Etch\Tests\Unit\Converters\CodeConverterTest" classname="Bricks2Etch.Tests.Unit.Converters.CodeConverterTest" file="/var/www/html/wp-content/plugins/etch-fusion-suite/tests/unit/Converters/CodeConverterTest.php" line="140" assertions="3" time="0.007187"/>
        <testcase name="test_script_type_module_extracted" class="Bricks2Etch\Tests\Unit\Converters\CodeConverterTest" classname="Bricks2Etch.Tests.Unit.Converters.CodeConverterTest" file="/var/www/html/wp-content/plugins/etch-fusion-suite/tests/unit/Converters/CodeConverterTest.php" line="157" assertions="2" time="0.007235"/>
        <testcase name="test_js_field_and_script_tag_combined" class="Bricks2Etch\Tests\Unit\Converters\CodeConverterTest" classname="Bricks2Etch.Tests.Unit.Converters.CodeConverterTest" file="/var/www/html/wp-content/plugins/etch-fusion-suite/tests/unit/Converters/CodeConverterTest.php" line="172" assertions="2" time="0.007505"/>
        <testcase name="test_css_field_produces_raw_html_with_style_tag" class="Bricks2Etch\Tests\Unit\Converters\CodeConverterTest" classname="Bricks2Etch.Tests.Unit.Converters.CodeConverterTest" file="/var/www/html/wp-content/plugins/etch-fusion-suite/tests/unit/Converters/CodeConverterTest.php" line="191" assertions="3" time="0.007511"/>
        <testcase name="test_style_tag_in_html_field_extracted" class="Bricks2Etch\Tests\Unit\Converters\CodeConverterTest" classname="Bricks2Etch.Tests.Unit.Converters.CodeConverterTest" file="/var/www/html/wp-content/plugins/etch-fusion-suite/tests/unit/Converters/CodeConverterTest.php" line="207" assertions="3" time="0.007038"/>
        <testcase name="test_css_field_and_style_tag_combined" class="Bricks2Etch\Tests\Unit\Converters\CodeConverterTest" classname="Bricks2Etch.Tests.Unit.Converters.CodeConverterTest" file="/var/www/html/wp-content/plugins/etch-fusion-suite/tests/unit/Converters/CodeConverterTest.php" line="223" assertions="2" time="0.007074"/>
        <testcase name="test_code_with_all_three_types" class="Bricks2Etch\Tests\Unit\Converters\CodeConverterTest" classname="Bricks2Etch.Tests.Unit.Converters.CodeConverterTest" file="/var/www/html/wp-content/plugins/etch-fusion-suite/tests/unit/Converters/CodeConverterTest.php" line="239" assertions="4" time="0.007346"/>
        <testcase name="test_empty_settings_returns_empty_string" class="Bricks2Etch\Tests\Unit\Converters\CodeConverterTest" classname="Bricks2Etch.Tests.Unit.Converters.CodeConverterTest" file="/var/www/html/wp-content/plugins/etch-fusion-suite/tests/unit/Converters/CodeConverterTest.php" line="261" assertions="1" time="0.007480"/>
        <testcase name="test_html_comments_only_returns_empty" class="Bricks2Etch\Tests\Unit\Converters\CodeConverterTest" classname="Bricks2Etch.Tests.Unit.Converters.CodeConverterTest" file="/var/www/html/wp-content/plugins/etch-fusion-suite/tests/unit/Converters/CodeConverterTest.php" line="271" assertions="1" time="0.007193"/>
        <testcase name="test_whitespace_only_html_after_extraction_returns_empty" class="Bricks2Etch\Tests\Unit\Converters\CodeConverterTest" classname="Bricks2Etch.Tests.Unit.Converters.CodeConverterTest" file="/var/www/html/wp-content/plugins/etch-fusion-suite/tests/unit/Converters/CodeConverterTest.php" line="283" assertions="2" time="0.007140"/>
        <testcase name="test_multiple_script_tags_combined" class="Bricks2Etch\Tests\Unit\Converters\CodeConverterTest" classname="Bricks2Etch.Tests.Unit.Converters.CodeConverterTest" file="/var/www/html/wp-content/plugins/etch-fusion-suite/tests/unit/Converters/CodeConverterTest.php" line="297" assertions="1" time="0.007296"/>
        <testcase name="test_root_css_variables_output_as_raw_html" class="Bricks2Etch\Tests\Unit\Converters\CodeConverterTest" classname="Bricks2Etch.Tests.Unit.Converters.CodeConverterTest" file="/var/www/html/wp-content/plugins/etch-fusion-suite/tests/unit/Converters/CodeConverterTest.php" line="311" assertions="1" time="0.007489"/>
      </testsuite>
      <testsuite name="Bricks2Etch\Tests\Unit\Converters\ElementConvertersSchemaMigrationTest" file="/var/www/html/wp-content/plugins/etch-fusion-suite/tests/unit/Converters/ElementConvertersSchemaMigrationTest.php" tests="5" assertions="25" errors="0" warnings="0" failures="0" skipped="0" time="0.094235">
        <testcase name="test_heading_converter_outputs_etch_element_with_etch_text" class="Bricks2Etch\Tests\Unit\Converters\ElementConvertersSchemaMigrationTest" classname="Bricks2Etch.Tests.Unit.Converters.ElementConvertersSchemaMigrationTest" file="/var/www/html/wp-content/plugins/etch-fusion-suite/tests/unit/Converters/ElementConvertersSchemaMigrationTest.php" line="34" assertions="5" time="0.007397"/>
        <testcase name="test_paragraph_converter_outputs_etch_element_with_etch_text" class="Bricks2Etch\Tests\Unit\Converters\ElementConvertersSchemaMigrationTest" classname="Bricks2Etch.Tests.Unit.Converters.ElementConvertersSchemaMigrationTest" file="/var/www/html/wp-content/plugins/etch-fusion-suite/tests/unit/Converters/ElementConvertersSchemaMigrationTest.php" line="53" assertions="5" time="0.024935"/>
        <testcase name="test_image_converter_outputs_figure_and_img_inner_blocks" class="Bricks2Etch\Tests\Unit\Converters\ElementConvertersSchemaMigrationTest" classname="Bricks2Etch.Tests.Unit.Converters.ElementConvertersSchemaMigrationTest" file="/var/www/html/wp-content/plugins/etch-fusion-suite/tests/unit/Converters/ElementConvertersSchemaMigrationTest.php" line="72" assertions="5" time="0.028701"/>
        <testcase name="test_button_converter_outputs_anchor_element_and_text_block" class="Bricks2Etch\Tests\Unit\Converters\ElementConvertersSchemaMigrationTest" classname="Bricks2Etch.Tests.Unit.Converters.ElementConvertersSchemaMigrationTest" file="/var/www/html/wp-content/plugins/etch-fusion-suite/tests/unit/Converters/ElementConvertersSchemaMigrationTest.php" line="94" assertions="6" time="0.007788"/>
        <testcase name="test_icon_converter_outputs_icon_element_without_placeholder_markup" class="Bricks2Etch\Tests\Unit\Converters\ElementConvertersSchemaMigrationTest" classname="Bricks2Etch.Tests.Unit.Converters.ElementConvertersSchemaMigrationTest" file="/var/www/html/wp-content/plugins/etch-fusion-suite/tests/unit/Converters/ElementConvertersSchemaMigrationTest.php" line="117" assertions="4" time="0.025413"/>
      </testsuite>
      <testsuite name="Bricks2Etch\Tests\Unit\Converters\GutenbergGeneratorSchemaTest" file="/var/www/html/wp-content/plugins/etch-fusion-suite/tests/unit/Converters/GutenbergGeneratorSchemaTest.php" tests="2" assertions="15" errors="0" warnings="0" failures="0" skipped="0" time="0.088877">
        <testcase name="test_generate_gutenberg_blocks_uses_flat_etch_element_schema_for_structural_elements" class="Bricks2Etch\Tests\Unit\Converters\GutenbergGeneratorSchemaTest" classname="Bricks2Etch.Tests.Unit.Converters.GutenbergGeneratorSchemaTest" file="/var/www/html/wp-content/plugins/etch-fusion-suite/tests/unit/Converters/GutenbergGeneratorSchemaTest.php" line="39" assertions="8" time="0.068039"/>
        <testcase name="test_generate_gutenberg_blocks_fallback_iframe_uses_flat_etch_schema_without_wrappers" class="Bricks2Etch\Tests\Unit\Converters\GutenbergGeneratorSchemaTest" classname="Bricks2Etch.Tests.Unit.Converters.GutenbergGeneratorSchemaTest" file="/var/www/html/wp-content/plugins/etch-fusion-suite/tests/unit/Converters/GutenbergGeneratorSchemaTest.php" line="89" assertions="7" time="0.020838"/>
      </testsuite>
      <testsuite name="Bricks2Etch\Tests\Unit\Converters\HtmlConverterTest" file="/var/www/html/wp-content/plugins/etch-fusion-suite/tests/unit/Converters/HtmlConverterTest.php" tests="6" assertions="18" errors="0" warnings="0" failures="0" skipped="0" time="0.072157">
        <testcase name="test_convert_html_basic" class="Bricks2Etch\Tests\Unit\Converters\HtmlConverterTest" classname="Bricks2Etch.Tests.Unit.Converters.HtmlConverterTest" file="/var/www/html/wp-content/plugins/etch-fusion-suite/tests/unit/Converters/HtmlConverterTest.php" line="20" assertions="4" time="0.026088"/>
        <testcase name="test_convert_html_with_special_characters" class="Bricks2Etch\Tests\Unit\Converters\HtmlConverterTest" classname="Bricks2Etch.Tests.Unit.Converters.HtmlConverterTest" file="/var/www/html/wp-content/plugins/etch-fusion-suite/tests/unit/Converters/HtmlConverterTest.php" line="35" assertions="4" time="0.014793"/>
        <testcase name="test_convert_html_empty_content" class="Bricks2Etch\Tests\Unit\Converters\HtmlConverterTest" classname="Bricks2Etch.Tests.Unit.Converters.HtmlConverterTest" file="/var/www/html/wp-content/plugins/etch-fusion-suite/tests/unit/Converters/HtmlConverterTest.php" line="50" assertions="3" time="0.008661"/>
        <testcase name="test_html_unsafe_attribute" class="Bricks2Etch\Tests\Unit\Converters\HtmlConverterTest" classname="Bricks2Etch.Tests.Unit.Converters.HtmlConverterTest" file="/var/www/html/wp-content/plugins/etch-fusion-suite/tests/unit/Converters/HtmlConverterTest.php" line="62" assertions="2" time="0.007850"/>
        <testcase name="test_raw_html_block_structure" class="Bricks2Etch\Tests\Unit\Converters\HtmlConverterTest" classname="Bricks2Etch.Tests.Unit.Converters.HtmlConverterTest" file="/var/www/html/wp-content/plugins/etch-fusion-suite/tests/unit/Converters/HtmlConverterTest.php" line="73" assertions="3" time="0.007544"/>
        <testcase name="test_html_content_extraction" class="Bricks2Etch\Tests\Unit\Converters\HtmlConverterTest" classname="Bricks2Etch.Tests.Unit.Converters.HtmlConverterTest" file="/var/www/html/wp-content/plugins/etch-fusion-suite/tests/unit/Converters/HtmlConverterTest.php" line="85" assertions="2" time="0.007222"/>
      </testsuite>
      <testsuite name="Bricks2Etch\Tests\Unit\Converters\IconConverterTest" file="/var/www/html/wp-content/plugins/etch-fusion-suite/tests/unit/Converters/IconConverterTest.php" tests="11" assertions="28" errors="0" warnings="0" failures="0" skipped="0" time="0.080514">
        <testcase name="test_convert_basic_icon" class="Bricks2Etch\Tests\Unit\Converters\IconConverterTest" classname="Bricks2Etch.Tests.Unit.Converters.IconConverterTest" file="/var/www/html/wp-content/plugins/etch-fusion-suite/tests/unit/Converters/IconConverterTest.php" line="30" assertions="3" time="0.007393"/>
        <testcase name="test_icon_generates_svg_block" class="Bricks2Etch\Tests\Unit\Converters\IconConverterTest" classname="Bricks2Etch.Tests.Unit.Converters.IconConverterTest" file="/var/www/html/wp-content/plugins/etch-fusion-suite/tests/unit/Converters/IconConverterTest.php" line="44" assertions="2" time="0.007419"/>
        <testcase name="test_icon_empty_attributes" class="Bricks2Etch\Tests\Unit\Converters\IconConverterTest" classname="Bricks2Etch.Tests.Unit.Converters.IconConverterTest" file="/var/www/html/wp-content/plugins/etch-fusion-suite/tests/unit/Converters/IconConverterTest.php" line="55" assertions="2" time="0.007083"/>
        <testcase name="test_icon_style_inheritance" class="Bricks2Etch\Tests\Unit\Converters\IconConverterTest" classname="Bricks2Etch.Tests.Unit.Converters.IconConverterTest" file="/var/www/html/wp-content/plugins/etch-fusion-suite/tests/unit/Converters/IconConverterTest.php" line="66" assertions="2" time="0.006871"/>
        <testcase name="test_icon_with_font_awesome_icon" class="Bricks2Etch\Tests\Unit\Converters\IconConverterTest" classname="Bricks2Etch.Tests.Unit.Converters.IconConverterTest" file="/var/www/html/wp-content/plugins/etch-fusion-suite/tests/unit/Converters/IconConverterTest.php" line="80" assertions="3" time="0.007026"/>
        <testcase name="test_icon_with_ionicons" class="Bricks2Etch\Tests\Unit\Converters\IconConverterTest" classname="Bricks2Etch.Tests.Unit.Converters.IconConverterTest" file="/var/www/html/wp-content/plugins/etch-fusion-suite/tests/unit/Converters/IconConverterTest.php" line="94" assertions="2" time="0.007420"/>
        <testcase name="test_icon_converts_to_empty_svg_block" class="Bricks2Etch\Tests\Unit\Converters\IconConverterTest" classname="Bricks2Etch.Tests.Unit.Converters.IconConverterTest" file="/var/www/html/wp-content/plugins/etch-fusion-suite/tests/unit/Converters/IconConverterTest.php" line="107" assertions="3" time="0.007066"/>
        <testcase name="test_icon_with_custom_styling" class="Bricks2Etch\Tests\Unit\Converters\IconConverterTest" classname="Bricks2Etch.Tests.Unit.Converters.IconConverterTest" file="/var/www/html/wp-content/plugins/etch-fusion-suite/tests/unit/Converters/IconConverterTest.php" line="123" assertions="2" time="0.007503"/>
        <testcase name="test_icon_no_children_support" class="Bricks2Etch\Tests\Unit\Converters\IconConverterTest" classname="Bricks2Etch.Tests.Unit.Converters.IconConverterTest" file="/var/www/html/wp-content/plugins/etch-fusion-suite/tests/unit/Converters/IconConverterTest.php" line="138" assertions="3" time="0.007402"/>
        <testcase name="test_icon_json_structure" class="Bricks2Etch\Tests\Unit\Converters\IconConverterTest" classname="Bricks2Etch.Tests.Unit.Converters.IconConverterTest" file="/var/www/html/wp-content/plugins/etch-fusion-suite/tests/unit/Converters/IconConverterTest.php" line="154" assertions="4" time="0.007993"/>
        <testcase name="test_icon_multiple_style_classes" class="Bricks2Etch\Tests\Unit\Converters\IconConverterTest" classname="Bricks2Etch.Tests.Unit.Converters.IconConverterTest" file="/var/www/html/wp-content/plugins/etch-fusion-suite/tests/unit/Converters/IconConverterTest.php" line="168" assertions="2" time="0.007339"/>
      </testsuite>
      <testsuite name="Bricks2Etch\Tests\Unit\Converters\NotesConverterTest" file="/var/www/html/wp-content/plugins/etch-fusion-suite/tests/unit/Converters/NotesConverterTest.php" tests="8" assertions="34" errors="0" warnings="0" failures="0" skipped="0" time="0.081113">
        <testcase name="test_convert_notes_with_html_content" class="Bricks2Etch\Tests\Unit\Converters\NotesConverterTest" classname="Bricks2Etch.Tests.Unit.Converters.NotesConverterTest" file="/var/www/html/wp-content/plugins/etch-fusion-suite/tests/unit/Converters/NotesConverterTest.php" line="20" assertions="4" time="0.024807"/>
        <testcase name="test_convert_notes_with_plain_text" class="Bricks2Etch\Tests\Unit\Converters\NotesConverterTest" classname="Bricks2Etch.Tests.Unit.Converters.NotesConverterTest" file="/var/www/html/wp-content/plugins/etch-fusion-suite/tests/unit/Converters/NotesConverterTest.php" line="35" assertions="4" time="0.007255"/>
        <testcase name="test_convert_empty_notes" class="Bricks2Etch\Tests\Unit\Converters\NotesConverterTest" classname="Bricks2Etch.Tests.Unit.Converters.NotesConverterTest" file="/var/www/html/wp-content/plugins/etch-fusion-suite/tests/unit/Converters/NotesConverterTest.php" line="50" assertions="2" time="0.007082"/>
        <testcase name="test_convert_notes_with_multiline_content" class="Bricks2Etch\Tests\Unit\Converters\NotesConverterTest" classname="Bricks2Etch.Tests.Unit.Converters.NotesConverterTest" file="/var/www/html/wp-content/plugins/etch-fusion-suite/tests/unit/Converters/NotesConverterTest.php" line="68" assertions="4" time="0.013899"/>
        <testcase name="test_html_stripping_validation" class="Bricks2Etch\Tests\Unit\Converters\NotesConverterTest" classname="Bricks2Etch.Tests.Unit.Converters.NotesConverterTest" file="/var/www/html/wp-content/plugins/etch-fusion-suite/tests/unit/Converters/NotesConverterTest.php" line="84" assertions="6" time="0.007128"/>
        <testcase name="test_comment_format_verification" class="Bricks2Etch\Tests\Unit\Converters\NotesConverterTest" classname="Bricks2Etch.Tests.Unit.Converters.NotesConverterTest" file="/var/www/html/wp-content/plugins/etch-fusion-suite/tests/unit/Converters/NotesConverterTest.php" line="101" assertions="4" time="0.006976"/>
        <testcase name="test_special_characters_in_notes" class="Bricks2Etch\Tests\Unit\Converters\NotesConverterTest" classname="Bricks2Etch.Tests.Unit.Converters.NotesConverterTest" file="/var/www/html/wp-content/plugins/etch-fusion-suite/tests/unit/Converters/NotesConverterTest.php" line="114" assertions="6" time="0.006948"/>
        <testcase name="test_comment_does_not_contain_double_hyphen_sequence" class="Bricks2Etch\Tests\Unit\Converters\NotesConverterTest" classname="Bricks2Etch.Tests.Unit.Converters.NotesConverterTest" file="/var/www/html/wp-content/plugins/etch-fusion-suite/tests/unit/Converters/NotesConverterTest.php" line="131" assertions="4" time="0.007019"/>
      </testsuite>
      <testsuite name="Bricks2Etch\Tests\Unit\Converters\ShortcodeConverterTest" file="/var/www/html/wp-content/plugins/etch-fusion-suite/tests/unit/Converters/ShortcodeConverterTest.php" tests="6" assertions="20" errors="0" warnings="0" failures="0" skipped="0" time="0.062483">
        <testcase name="test_convert_shortcode_basic" class="Bricks2Etch\Tests\Unit\Converters\ShortcodeConverterTest" classname="Bricks2Etch.Tests.Unit.Converters.ShortcodeConverterTest" file="/var/www/html/wp-content/plugins/etch-fusion-suite/tests/unit/Converters/ShortcodeConverterTest.php" line="20" assertions="4" time="0.026285"/>
        <testcase name="test_convert_shortcode_with_attributes" class="Bricks2Etch\Tests\Unit\Converters\ShortcodeConverterTest" classname="Bricks2Etch.Tests.Unit.Converters.ShortcodeConverterTest" file="/var/www/html/wp-content/plugins/etch-fusion-suite/tests/unit/Converters/ShortcodeConverterTest.php" line="35" assertions="4" time="0.007720"/>
        <testcase name="test_convert_shortcode_empty_content" class="Bricks2Etch\Tests\Unit\Converters\ShortcodeConverterTest" classname="Bricks2Etch.Tests.Unit.Converters.ShortcodeConverterTest" file="/var/www/html/wp-content/plugins/etch-fusion-suite/tests/unit/Converters/ShortcodeConverterTest.php" line="50" assertions="3" time="0.006946"/>
        <testcase name="test_shortcode_unsafe_attribute" class="Bricks2Etch\Tests\Unit\Converters\ShortcodeConverterTest" classname="Bricks2Etch.Tests.Unit.Converters.ShortcodeConverterTest" file="/var/www/html/wp-content/plugins/etch-fusion-suite/tests/unit/Converters/ShortcodeConverterTest.php" line="62" assertions="2" time="0.007149"/>
        <testcase name="test_raw_html_block_structure" class="Bricks2Etch\Tests\Unit\Converters\ShortcodeConverterTest" classname="Bricks2Etch.Tests.Unit.Converters.ShortcodeConverterTest" file="/var/www/html/wp-content/plugins/etch-fusion-suite/tests/unit/Converters/ShortcodeConverterTest.php" line="73" assertions="3" time="0.007356"/>
        <testcase name="test_shortcode_format_preserved" class="Bricks2Etch\Tests\Unit\Converters\ShortcodeConverterTest" classname="Bricks2Etch.Tests.Unit.Converters.ShortcodeConverterTest" file="/var/www/html/wp-content/plugins/etch-fusion-suite/tests/unit/Converters/ShortcodeConverterTest.php" line="85" assertions="4" time="0.007028"/>
      </testsuite>
      <testsuite name="Bricks2Etch\Tests\Unit\Converters\StructuralConvertersSchemaTest" file="/var/www/html/wp-content/plugins/etch-fusion-suite/tests/unit/Converters/StructuralConvertersSchemaTest.php" tests="6" assertions="68" errors="0" warnings="0" failures="0" skipped="0" time="0.086603">
        <testcase name="test_container_converter_uses_flat_attrs_and_comment_only_block" class="Bricks2Etch\Tests\Unit\Converters\StructuralConvertersSchemaTest" classname="Bricks2Etch.Tests.Unit.Converters.StructuralConvertersSchemaTest" file="/var/www/html/wp-content/plugins/etch-fusion-suite/tests/unit/Converters/StructuralConvertersSchemaTest.php" line="46" assertions="11" time="0.022822"/>
        <testcase name="test_section_converter_uses_flat_attrs_and_section_tag" class="Bricks2Etch\Tests\Unit\Converters\StructuralConvertersSchemaTest" classname="Bricks2Etch.Tests.Unit.Converters.StructuralConvertersSchemaTest" file="/var/www/html/wp-content/plugins/etch-fusion-suite/tests/unit/Converters/StructuralConvertersSchemaTest.php" line="73" assertions="9" time="0.009465"/>
        <testcase name="test_section_converter_promotes_template_root_to_header_from_context" class="Bricks2Etch\Tests\Unit\Converters\StructuralConvertersSchemaTest" classname="Bricks2Etch.Tests.Unit.Converters.StructuralConvertersSchemaTest" file="/var/www/html/wp-content/plugins/etch-fusion-suite/tests/unit/Converters/StructuralConvertersSchemaTest.php" line="96" assertions="3" time="0.009316"/>
        <testcase name="test_div_converter_does_not_emit_deprecated_flex_div_marker" class="Bricks2Etch\Tests\Unit\Converters\StructuralConvertersSchemaTest" classname="Bricks2Etch.Tests.Unit.Converters.StructuralConvertersSchemaTest" file="/var/www/html/wp-content/plugins/etch-fusion-suite/tests/unit/Converters/StructuralConvertersSchemaTest.php" line="117" assertions="9" time="0.010161"/>
        <testcase name="test_generator_outputs_flat_v11_etch_schema_for_minimal_structural_chain" class="Bricks2Etch\Tests\Unit\Converters\StructuralConvertersSchemaTest" classname="Bricks2Etch.Tests.Unit.Converters.StructuralConvertersSchemaTest" file="/var/www/html/wp-content/plugins/etch-fusion-suite/tests/unit/Converters/StructuralConvertersSchemaTest.php" line="141" assertions="30" time="0.023792"/>
        <testcase name="test_generator_promotes_first_root_structural_element_to_template_header_tag" class="Bricks2Etch\Tests\Unit\Converters\StructuralConvertersSchemaTest" classname="Bricks2Etch.Tests.Unit.Converters.StructuralConvertersSchemaTest" file="/var/www/html/wp-content/plugins/etch-fusion-suite/tests/unit/Converters/StructuralConvertersSchemaTest.php" line="203" assertions="6" time="0.011048"/>
      </testsuite>
      <testsuite name="Bricks2Etch\Tests\Unit\Converters\SvgConverterTest" file="/var/www/html/wp-content/plugins/etch-fusion-suite/tests/unit/Converters/SvgConverterTest.php" tests="6" assertions="17" errors="0" warnings="0" failures="0" skipped="0" time="0.071933">
        <testcase name="test_convert_svg_with_file_source" class="Bricks2Etch\Tests\Unit\Converters\SvgConverterTest" classname="Bricks2Etch.Tests.Unit.Converters.SvgConverterTest" file="/var/www/html/wp-content/plugins/etch-fusion-suite/tests/unit/Converters/SvgConverterTest.php" line="30" assertions="3" time="0.022116"/>
        <testcase name="test_convert_svg_with_code_source" class="Bricks2Etch\Tests\Unit\Converters\SvgConverterTest" classname="Bricks2Etch.Tests.Unit.Converters.SvgConverterTest" file="/var/www/html/wp-content/plugins/etch-fusion-suite/tests/unit/Converters/SvgConverterTest.php" line="45" assertions="1" time="0.013580"/>
        <testcase name="test_convert_svg_with_icon_set_source" class="Bricks2Etch\Tests\Unit\Converters\SvgConverterTest" classname="Bricks2Etch.Tests.Unit.Converters.SvgConverterTest" file="/var/www/html/wp-content/plugins/etch-fusion-suite/tests/unit/Converters/SvgConverterTest.php" line="64" assertions="3" time="0.012685"/>
        <testcase name="test_convert_svg_with_dynamic_data_source" class="Bricks2Etch\Tests\Unit\Converters\SvgConverterTest" classname="Bricks2Etch.Tests.Unit.Converters.SvgConverterTest" file="/var/www/html/wp-content/plugins/etch-fusion-suite/tests/unit/Converters/SvgConverterTest.php" line="81" assertions="1" time="0.008820"/>
        <testcase name="test_svg_attribute_mapping" class="Bricks2Etch\Tests\Unit\Converters\SvgConverterTest" classname="Bricks2Etch.Tests.Unit.Converters.SvgConverterTest" file="/var/www/html/wp-content/plugins/etch-fusion-suite/tests/unit/Converters/SvgConverterTest.php" line="91" assertions="6" time="0.007569"/>
        <testcase name="test_svg_css_classes_and_styles" class="Bricks2Etch\Tests\Unit\Converters\SvgConverterTest" classname="Bricks2Etch.Tests.Unit.Converters.SvgConverterTest" file="/var/www/html/wp-content/plugins/etch-fusion-suite/tests/unit/Converters/SvgConverterTest.php" line="114" assertions="3" time="0.007163"/>
      </testsuite>
      <testsuite name="Bricks2Etch\Tests\Unit\Converters\TextConverterTest" file="/var/www/html/wp-content/plugins/etch-fusion-suite/tests/unit/Converters/TextConverterTest.php" tests="11" assertions="45" errors="0" warnings="0" failures="0" skipped="0" time="0.103211">
        <testcase name="test_single_paragraph_conversion" class="Bricks2Etch\Tests\Unit\Converters\TextConverterTest" classname="Bricks2Etch.Tests.Unit.Converters.TextConverterTest" file="/var/www/html/wp-content/plugins/etch-fusion-suite/tests/unit/Converters/TextConverterTest.php" line="30" assertions="5" time="0.025071"/>
        <testcase name="test_multiple_paragraphs" class="Bricks2Etch\Tests\Unit\Converters\TextConverterTest" classname="Bricks2Etch.Tests.Unit.Converters.TextConverterTest" file="/var/www/html/wp-content/plugins/etch-fusion-suite/tests/unit/Converters/TextConverterTest.php" line="46" assertions="6" time="0.007678"/>
        <testcase name="test_nested_list_structure" class="Bricks2Etch\Tests\Unit\Converters\TextConverterTest" classname="Bricks2Etch.Tests.Unit.Converters.TextConverterTest" file="/var/www/html/wp-content/plugins/etch-fusion-suite/tests/unit/Converters/TextConverterTest.php" line="64" assertions="6" time="0.007801"/>
        <testcase name="test_mixed_content" class="Bricks2Etch\Tests\Unit\Converters\TextConverterTest" classname="Bricks2Etch.Tests.Unit.Converters.TextConverterTest" file="/var/www/html/wp-content/plugins/etch-fusion-suite/tests/unit/Converters/TextConverterTest.php" line="81" assertions="6" time="0.008605"/>
        <testcase name="test_heading_conversion" class="Bricks2Etch\Tests\Unit\Converters\TextConverterTest" classname="Bricks2Etch.Tests.Unit.Converters.TextConverterTest" file="/var/www/html/wp-content/plugins/etch-fusion-suite/tests/unit/Converters/TextConverterTest.php" line="99" assertions="5" time="0.007416"/>
        <testcase name="test_css_class_preservation" class="Bricks2Etch\Tests\Unit\Converters\TextConverterTest" classname="Bricks2Etch.Tests.Unit.Converters.TextConverterTest" file="/var/www/html/wp-content/plugins/etch-fusion-suite/tests/unit/Converters/TextConverterTest.php" line="115" assertions="4" time="0.007838"/>
        <testcase name="test_malformed_html_handling" class="Bricks2Etch\Tests\Unit\Converters\TextConverterTest" classname="Bricks2Etch.Tests.Unit.Converters.TextConverterTest" file="/var/www/html/wp-content/plugins/etch-fusion-suite/tests/unit/Converters/TextConverterTest.php" line="132" assertions="2" time="0.007862"/>
        <testcase name="test_empty_content_handling" class="Bricks2Etch\Tests\Unit\Converters\TextConverterTest" classname="Bricks2Etch.Tests.Unit.Converters.TextConverterTest" file="/var/www/html/wp-content/plugins/etch-fusion-suite/tests/unit/Converters/TextConverterTest.php" line="145" assertions="2" time="0.007303"/>
        <testcase name="test_html_entity_preservation" class="Bricks2Etch\Tests\Unit\Converters\TextConverterTest" classname="Bricks2Etch.Tests.Unit.Converters.TextConverterTest" file="/var/www/html/wp-content/plugins/etch-fusion-suite/tests/unit/Converters/TextConverterTest.php" line="162" assertions="3" time="0.007624"/>
        <testcase name="test_nested_html_in_list_items" class="Bricks2Etch\Tests\Unit\Converters\TextConverterTest" classname="Bricks2Etch.Tests.Unit.Converters.TextConverterTest" file="/var/www/html/wp-content/plugins/etch-fusion-suite/tests/unit/Converters/TextConverterTest.php" line="176" assertions="4" time="0.007686"/>
        <testcase name="test_xss_protection" class="Bricks2Etch\Tests\Unit\Converters\TextConverterTest" classname="Bricks2Etch.Tests.Unit.Converters.TextConverterTest" file="/var/www/html/wp-content/plugins/etch-fusion-suite/tests/unit/Converters/TextConverterTest.php" line="191" assertions="2" time="0.008328"/>
      </testsuite>
      <testsuite name="Bricks2Etch\Tests\Unit\Converters\TextLinkConverterTest" file="/var/www/html/wp-content/plugins/etch-fusion-suite/tests/unit/Converters/TextLinkConverterTest.php" tests="10" assertions="34" errors="0" warnings="0" failures="0" skipped="0" time="0.092772">
        <testcase name="test_convert_basic_text_link" class="Bricks2Etch\Tests\Unit\Converters\TextLinkConverterTest" classname="Bricks2Etch.Tests.Unit.Converters.TextLinkConverterTest" file="/var/www/html/wp-content/plugins/etch-fusion-suite/tests/unit/Converters/TextLinkConverterTest.php" line="30" assertions="6" time="0.025864"/>
        <testcase name="test_link_url_extraction_from_array" class="Bricks2Etch\Tests\Unit\Converters\TextLinkConverterTest" classname="Bricks2Etch.Tests.Unit.Converters.TextLinkConverterTest" file="/var/www/html/wp-content/plugins/etch-fusion-suite/tests/unit/Converters/TextLinkConverterTest.php" line="48" assertions="2" time="0.007567"/>
        <testcase name="test_link_url_extraction_from_string" class="Bricks2Etch\Tests\Unit\Converters\TextLinkConverterTest" classname="Bricks2Etch.Tests.Unit.Converters.TextLinkConverterTest" file="/var/www/html/wp-content/plugins/etch-fusion-suite/tests/unit/Converters/TextLinkConverterTest.php" line="62" assertions="2" time="0.007204"/>
        <testcase name="test_new_tab_attributes" class="Bricks2Etch\Tests\Unit\Converters\TextLinkConverterTest" classname="Bricks2Etch.Tests.Unit.Converters.TextLinkConverterTest" file="/var/www/html/wp-content/plugins/etch-fusion-suite/tests/unit/Converters/TextLinkConverterTest.php" line="76" assertions="3" time="0.007095"/>
        <testcase name="test_no_new_tab_attributes" class="Bricks2Etch\Tests\Unit\Converters\TextLinkConverterTest" classname="Bricks2Etch.Tests.Unit.Converters.TextLinkConverterTest" file="/var/www/html/wp-content/plugins/etch-fusion-suite/tests/unit/Converters/TextLinkConverterTest.php" line="91" assertions="3" time="0.007335"/>
        <testcase name="test_css_class_inheritance" class="Bricks2Etch\Tests\Unit\Converters\TextLinkConverterTest" classname="Bricks2Etch.Tests.Unit.Converters.TextLinkConverterTest" file="/var/www/html/wp-content/plugins/etch-fusion-suite/tests/unit/Converters/TextLinkConverterTest.php" line="106" assertions="2" time="0.007360"/>
        <testcase name="test_flat_schema_structure" class="Bricks2Etch\Tests\Unit\Converters\TextLinkConverterTest" classname="Bricks2Etch.Tests.Unit.Converters.TextLinkConverterTest" file="/var/www/html/wp-content/plugins/etch-fusion-suite/tests/unit/Converters/TextLinkConverterTest.php" line="121" assertions="7" time="0.007608"/>
        <testcase name="test_empty_text_content" class="Bricks2Etch\Tests\Unit\Converters\TextLinkConverterTest" classname="Bricks2Etch.Tests.Unit.Converters.TextLinkConverterTest" file="/var/www/html/wp-content/plugins/etch-fusion-suite/tests/unit/Converters/TextLinkConverterTest.php" line="140" assertions="4" time="0.007357"/>
        <testcase name="test_default_url_fallback" class="Bricks2Etch\Tests\Unit\Converters\TextLinkConverterTest" classname="Bricks2Etch.Tests.Unit.Converters.TextLinkConverterTest" file="/var/www/html/wp-content/plugins/etch-fusion-suite/tests/unit/Converters/TextLinkConverterTest.php" line="155" assertions="2" time="0.007709"/>
        <testcase name="test_text_content_sanitization" class="Bricks2Etch\Tests\Unit\Converters\TextLinkConverterTest" classname="Bricks2Etch.Tests.Unit.Converters.TextLinkConverterTest" file="/var/www/html/wp-content/plugins/etch-fusion-suite/tests/unit/Converters/TextLinkConverterTest.php" line="168" assertions="3" time="0.007673"/>
      </testsuite>
      <testsuite name="Bricks2Etch\Tests\Unit\Converters\VideoConverterTest" file="/var/www/html/wp-content/plugins/etch-fusion-suite/tests/unit/Converters/VideoConverterTest.php" tests="14" assertions="67" errors="0" warnings="0" failures="0" skipped="0" time="0.121213">
        <testcase name="test_convert_youtube_video" class="Bricks2Etch\Tests\Unit\Converters\VideoConverterTest" classname="Bricks2Etch.Tests.Unit.Converters.VideoConverterTest" file="/var/www/html/wp-content/plugins/etch-fusion-suite/tests/unit/Converters/VideoConverterTest.php" line="38" assertions="9" time="0.023213"/>
        <testcase name="test_convert_vimeo_video" class="Bricks2Etch\Tests\Unit\Converters\VideoConverterTest" classname="Bricks2Etch.Tests.Unit.Converters.VideoConverterTest" file="/var/www/html/wp-content/plugins/etch-fusion-suite/tests/unit/Converters/VideoConverterTest.php" line="67" assertions="9" time="0.007627"/>
        <testcase name="test_convert_html5_video_from_media" class="Bricks2Etch\Tests\Unit\Converters\VideoConverterTest" classname="Bricks2Etch.Tests.Unit.Converters.VideoConverterTest" file="/var/www/html/wp-content/plugins/etch-fusion-suite/tests/unit/Converters/VideoConverterTest.php" line="96" assertions="6" time="0.007960"/>
        <testcase name="test_convert_html5_video_from_file" class="Bricks2Etch\Tests\Unit\Converters\VideoConverterTest" classname="Bricks2Etch.Tests.Unit.Converters.VideoConverterTest" file="/var/www/html/wp-content/plugins/etch-fusion-suite/tests/unit/Converters/VideoConverterTest.php" line="117" assertions="4" time="0.008174"/>
        <testcase name="test_video_attribute_mapping" class="Bricks2Etch\Tests\Unit\Converters\VideoConverterTest" classname="Bricks2Etch.Tests.Unit.Converters.VideoConverterTest" file="/var/www/html/wp-content/plugins/etch-fusion-suite/tests/unit/Converters/VideoConverterTest.php" line="136" assertions="5" time="0.007503"/>
        <testcase name="test_video_dimensions" class="Bricks2Etch\Tests\Unit\Converters\VideoConverterTest" classname="Bricks2Etch.Tests.Unit.Converters.VideoConverterTest" file="/var/www/html/wp-content/plugins/etch-fusion-suite/tests/unit/Converters/VideoConverterTest.php" line="160" assertions="2" time="0.007433"/>
        <testcase name="test_video_css_classes_and_styles" class="Bricks2Etch\Tests\Unit\Converters\VideoConverterTest" classname="Bricks2Etch.Tests.Unit.Converters.VideoConverterTest" file="/var/www/html/wp-content/plugins/etch-fusion-suite/tests/unit/Converters/VideoConverterTest.php" line="182" assertions="4" time="0.006972"/>
        <testcase name="test_html5_video_figure_structure" class="Bricks2Etch\Tests\Unit\Converters\VideoConverterTest" classname="Bricks2Etch.Tests.Unit.Converters.VideoConverterTest" file="/var/www/html/wp-content/plugins/etch-fusion-suite/tests/unit/Converters/VideoConverterTest.php" line="204" assertions="9" time="0.006972"/>
        <testcase name="test_html5_video_no_figcaption_when_empty" class="Bricks2Etch\Tests\Unit\Converters\VideoConverterTest" classname="Bricks2Etch.Tests.Unit.Converters.VideoConverterTest" file="/var/www/html/wp-content/plugins/etch-fusion-suite/tests/unit/Converters/VideoConverterTest.php" line="229" assertions="4" time="0.007509"/>
        <testcase name="test_html5_video_poster_and_playsinline" class="Bricks2Etch\Tests\Unit\Converters\VideoConverterTest" classname="Bricks2Etch.Tests.Unit.Converters.VideoConverterTest" file="/var/www/html/wp-content/plugins/etch-fusion-suite/tests/unit/Converters/VideoConverterTest.php" line="250" assertions="4" time="0.007447"/>
        <testcase name="test_video_mime_type_detection" class="Bricks2Etch\Tests\Unit\Converters\VideoConverterTest" classname="Bricks2Etch.Tests.Unit.Converters.VideoConverterTest" file="/var/www/html/wp-content/plugins/etch-fusion-suite/tests/unit/Converters/VideoConverterTest.php" line="270" assertions="2" time="0.007589"/>
        <testcase name="test_description_field_priority" class="Bricks2Etch\Tests\Unit\Converters\VideoConverterTest" classname="Bricks2Etch.Tests.Unit.Converters.VideoConverterTest" file="/var/www/html/wp-content/plugins/etch-fusion-suite/tests/unit/Converters/VideoConverterTest.php" line="291" assertions="3" time="0.007589"/>
        <testcase name="test_youtube_video_id_extraction" class="Bricks2Etch\Tests\Unit\Converters\VideoConverterTest" classname="Bricks2Etch.Tests.Unit.Converters.VideoConverterTest" file="/var/www/html/wp-content/plugins/etch-fusion-suite/tests/unit/Converters/VideoConverterTest.php" line="321" assertions="3" time="0.007635"/>
        <testcase name="test_vimeo_video_id_extraction" class="Bricks2Etch\Tests\Unit\Converters\VideoConverterTest" classname="Bricks2Etch.Tests.Unit.Converters.VideoConverterTest" file="/var/www/html/wp-content/plugins/etch-fusion-suite/tests/unit/Converters/VideoConverterTest.php" line="341" assertions="3" time="0.007588"/>
      </testsuite>
      <testsuite name="Bricks2Etch\Tests\Unit\FramerHtmlSanitizerTest" file="/var/www/html/wp-content/plugins/etch-fusion-suite/tests/unit/FramerHtmlSanitizerTest.php" tests="2" assertions="7" errors="0" warnings="0" failures="0" skipped="0" time="0.026139">
        <testcase name="test_sanitization_removes_framer_scripts" class="Bricks2Etch\Tests\Unit\FramerHtmlSanitizerTest" classname="Bricks2Etch.Tests.Unit.FramerHtmlSanitizerTest" file="/var/www/html/wp-content/plugins/etch-fusion-suite/tests/unit/FramerHtmlSanitizerTest.php" line="37" assertions="2" time="0.013199"/>
        <testcase name="test_semanticization_converts_sections_and_text" class="Bricks2Etch\Tests\Unit\FramerHtmlSanitizerTest" classname="Bricks2Etch.Tests.Unit.FramerHtmlSanitizerTest" file="/var/www/html/wp-content/plugins/etch-fusion-suite/tests/unit/FramerHtmlSanitizerTest.php" line="48" assertions="5" time="0.012940"/>
      </testsuite>
      <testsuite name="Bricks2Etch\Tests\Unit\TemplateExtractorServiceTest" file="/var/www/html/wp-content/plugins/etch-fusion-suite/tests/unit/TemplateExtractorServiceTest.php" tests="2" assertions="12" errors="0" warnings="0" failures="0" skipped="0" time="0.021379">
        <testcase name="test_extract_from_html_string_returns_payload" class="Bricks2Etch\Tests\Unit\TemplateExtractorServiceTest" classname="Bricks2Etch.Tests.Unit.TemplateExtractorServiceTest" file="/var/www/html/wp-content/plugins/etch-fusion-suite/tests/unit/TemplateExtractorServiceTest.php" line="29" assertions="9" time="0.011817"/>
        <testcase name="test_validate_template_detects_empty_blocks" class="Bricks2Etch\Tests\Unit\TemplateExtractorServiceTest" classname="Bricks2Etch.Tests.Unit.TemplateExtractorServiceTest" file="/var/www/html/wp-content/plugins/etch-fusion-suite/tests/unit/TemplateExtractorServiceTest.php" line="47" assertions="3" time="0.009562"/>
      </testsuite>
    </testsuite>
  </testsuite>
</testsuites>
